<?xml version="1.0" encoding="UTF-8"?>
<coverage generated="1653307912397" clover="3.2.0">
  <project timestamp="1653307912397" name="All files">
    <metrics statements="232" coveredstatements="219" conditionals="102" coveredconditionals="71" methods="62" coveredmethods="60" elements="396" coveredelements="350" complexity="0" loc="232" ncloc="232" packages="10" files="20" classes="20"/>
    <package name="core.src">
      <metrics statements="6" coveredstatements="6" conditionals="0" coveredconditionals="0" methods="1" coveredmethods="1"/>
      <file name="index.ts" path="/home/runner/work/GlacierJS/GlacierJS/packages/core/src/index.ts">
        <metrics statements="6" coveredstatements="6" conditionals="0" coveredconditionals="0" methods="1" coveredmethods="1"/>
        <line num="1" count="2" type="stmt"/>
        <line num="2" count="2" type="stmt"/>
        <line num="3" count="2" type="stmt"/>
        <line num="4" count="3" type="stmt"/>
        <line num="5" count="2" type="stmt"/>
        <line num="6" count="2" type="stmt"/>
      </file>
    </package>
    <package name="core.src.const">
      <metrics statements="3" coveredstatements="3" conditionals="2" coveredconditionals="2" methods="1" coveredmethods="1"/>
      <file name="event-name.ts" path="/home/runner/work/GlacierJS/GlacierJS/packages/core/src/const/event-name.ts">
        <metrics statements="2" coveredstatements="2" conditionals="2" coveredconditionals="2" methods="1" coveredmethods="1"/>
        <line num="1" count="2" type="cond" truecount="2" falsecount="0"/>
        <line num="3" count="2" type="stmt"/>
      </file>
      <file name="index.ts" path="/home/runner/work/GlacierJS/GlacierJS/packages/core/src/const/index.ts">
        <metrics statements="1" coveredstatements="1" conditionals="0" coveredconditionals="0" methods="0" coveredmethods="0"/>
        <line num="1" count="2" type="stmt"/>
      </file>
    </package>
    <package name="core.src.lib">
      <metrics statements="112" coveredstatements="108" conditionals="48" coveredconditionals="39" methods="29" coveredmethods="27"/>
      <file name="compose.ts" path="/home/runner/work/GlacierJS/GlacierJS/packages/core/src/lib/compose.ts">
        <metrics statements="13" coveredstatements="13" conditionals="3" coveredconditionals="3" methods="3" coveredmethods="3"/>
        <line num="7" count="5" type="stmt"/>
        <line num="8" count="51" type="stmt"/>
        <line num="10" count="51" type="stmt"/>
        <line num="13" count="51" type="stmt"/>
        <line num="16" count="137" type="cond" truecount="1" falsecount="0"/>
        <line num="17" count="1" type="stmt"/>
        <line num="19" count="136" type="stmt"/>
        <line num="20" count="136" type="stmt"/>
        <line num="23" count="136" type="cond" truecount="1" falsecount="0"/>
        <line num="24" count="136" type="cond" truecount="1" falsecount="0"/>
        <line num="25" count="93" type="stmt"/>
        <line num="27" count="93" type="stmt"/>
        <line num="29" count="2" type="stmt"/>
      </file>
      <file name="logger.ts" path="/home/runner/work/GlacierJS/GlacierJS/packages/core/src/lib/logger.ts">
        <metrics statements="25" coveredstatements="23" conditionals="7" coveredconditionals="4" methods="9" coveredmethods="7"/>
        <line num="7" count="4" type="cond" truecount="2" falsecount="0"/>
        <line num="8" count="4" type="stmt"/>
        <line num="9" count="4" type="stmt"/>
        <line num="10" count="4" type="stmt"/>
        <line num="11" count="4" type="stmt"/>
        <line num="14" count="4" type="stmt"/>
        <line num="45" count="4" type="stmt"/>
        <line num="46" count="4" type="stmt"/>
        <line num="48" count="4" type="stmt"/>
        <line num="60" count="6" type="stmt"/>
        <line num="61" count="6" type="cond" truecount="1" falsecount="0"/>
        <line num="62" count="6" type="cond" truecount="0" falsecount="1"/>
        <line num="66" count="2" type="stmt"/>
        <line num="70" count="0" type="stmt"/>
        <line num="74" count="0" type="stmt"/>
        <line num="78" count="282" type="stmt"/>
        <line num="82" count="2" type="stmt"/>
        <line num="89" count="284" type="cond" truecount="1" falsecount="0"/>
        <line num="90" count="11" type="cond" truecount="0" falsecount="1"/>
        <line num="91" count="11" type="stmt"/>
        <line num="92" count="11" type="stmt"/>
        <line num="93" count="11" type="stmt"/>
        <line num="98" count="11" type="stmt"/>
        <line num="106" count="11" type="stmt"/>
        <line num="115" count="4" type="stmt"/>
      </file>
      <file name="middleware-queue.ts" path="/home/runner/work/GlacierJS/GlacierJS/packages/core/src/lib/middleware-queue.ts">
        <metrics statements="14" coveredstatements="14" conditionals="3" coveredconditionals="3" methods="4" coveredmethods="4"/>
        <line num="1" count="4" type="stmt"/>
        <line num="2" count="4" type="stmt"/>
        <line num="4" count="4" type="stmt"/>
        <line num="10" count="4" type="stmt"/>
        <line num="11" count="74" type="stmt"/>
        <line num="12" count="74" type="stmt"/>
        <line num="13" count="74" type="stmt"/>
        <line num="16" count="74" type="cond" truecount="1" falsecount="0"/>
        <line num="20" count="104" type="stmt"/>
        <line num="27" count="104" type="cond" truecount="2" falsecount="0"/>
        <line num="28" count="104" type="stmt"/>
        <line num="29" count="104" type="stmt"/>
        <line num="33" count="33" type="stmt"/>
        <line num="37" count="33" type="stmt"/>
      </file>
      <file name="pluggable.ts" path="/home/runner/work/GlacierJS/GlacierJS/packages/core/src/lib/pluggable.ts">
        <metrics statements="60" coveredstatements="58" conditionals="35" coveredconditionals="29" methods="13" coveredmethods="13"/>
        <line num="1" count="2" type="stmt"/>
        <line num="2" count="2" type="stmt"/>
        <line num="4" count="2" type="stmt"/>
        <line num="6" count="2" type="stmt"/>
        <line num="11" count="8" type="stmt"/>
        <line num="19" count="8" type="cond" truecount="0" falsecount="1"/>
        <line num="20" count="8" type="stmt"/>
        <line num="21" count="8" type="stmt"/>
        <line num="22" count="8" type="stmt"/>
        <line num="23" count="31" type="stmt"/>
        <line num="34" count="13" type="cond" truecount="2" falsecount="0"/>
        <line num="35" count="5" type="cond" truecount="2" falsecount="0"/>
        <line num="37" count="8" type="cond" truecount="1" falsecount="1"/>
        <line num="42" count="18" type="cond" truecount="2" falsecount="0"/>
        <line num="43" count="18" type="cond" truecount="2" falsecount="0"/>
        <line num="46" count="18" type="stmt"/>
        <line num="50" count="18" type="stmt"/>
        <line num="52" count="17" type="cond" truecount="4" falsecount="0"/>
        <line num="53" count="18" type="stmt"/>
        <line num="54" count="18" type="stmt"/>
        <line num="55" count="18" type="cond" truecount="1" falsecount="0"/>
        <line num="56" count="12" type="stmt"/>
        <line num="57" count="12" type="stmt"/>
        <line num="59" count="18" type="stmt"/>
        <line num="63" count="17" type="cond" truecount="1" falsecount="0"/>
        <line num="67" count="18" type="stmt"/>
        <line num="68" count="30" type="stmt"/>
        <line num="73" count="5" type="stmt"/>
        <line num="75" count="9" type="stmt"/>
        <line num="76" count="9" type="cond" truecount="1" falsecount="0"/>
        <line num="77" count="9" type="cond" truecount="1" falsecount="1"/>
        <line num="78" count="0" type="stmt"/>
        <line num="80" count="9" type="stmt"/>
        <line num="85" count="9" type="cond" truecount="3" falsecount="1"/>
        <line num="86" count="9" type="stmt"/>
        <line num="89" count="9" type="stmt"/>
        <line num="90" count="42" type="stmt"/>
        <line num="91" count="42" type="cond" truecount="1" falsecount="0"/>
        <line num="92" count="34" type="stmt"/>
        <line num="93" count="34" type="stmt"/>
        <line num="94" count="34" type="stmt"/>
        <line num="100" count="8" type="stmt"/>
        <line num="102" count="40" type="stmt"/>
        <line num="103" count="40" type="stmt"/>
        <line num="106" count="40" type="stmt"/>
        <line num="108" count="80" type="stmt"/>
        <line num="109" count="80" type="cond" truecount="1" falsecount="0"/>
        <line num="110" count="64" type="stmt"/>
        <line num="111" count="64" type="stmt"/>
        <line num="114" count="40" type="stmt"/>
        <line num="117" count="8" type="stmt"/>
        <line num="119" count="16" type="stmt"/>
        <line num="120" count="16" type="cond" truecount="2" falsecount="0"/>
        <line num="121" count="16" type="cond" truecount="1" falsecount="0"/>
        <line num="122" count="16" type="cond" truecount="1" falsecount="1"/>
        <line num="123" count="0" type="stmt"/>
        <line num="125" count="16" type="stmt"/>
        <line num="127" count="16" type="stmt"/>
        <line num="131" count="16" type="cond" truecount="3" falsecount="1"/>
        <line num="132" count="16" type="stmt"/>
      </file>
    </package>
    <package name="core.src.lib.interceptors">
      <metrics statements="7" coveredstatements="7" conditionals="1" coveredconditionals="1" methods="4" coveredmethods="4"/>
      <file name="call-next-while-ignore.ts" path="/home/runner/work/GlacierJS/GlacierJS/packages/core/src/lib/interceptors/call-next-while-ignore.ts">
        <metrics statements="7" coveredstatements="7" conditionals="1" coveredconditionals="1" methods="4" coveredmethods="4"/>
        <line num="24" count="104" type="stmt"/>
        <line num="25" count="58" type="stmt"/>
        <line num="26" count="58" type="stmt"/>
        <line num="27" count="2" type="stmt"/>
        <line num="28" count="2" type="stmt"/>
        <line num="31" count="58" type="cond" truecount="1" falsecount="0"/>
        <line num="32" count="58" type="stmt"/>
      </file>
    </package>
    <package name="package-template.src.lib">
      <metrics statements="2" coveredstatements="2" conditionals="0" coveredconditionals="0" methods="1" coveredmethods="1"/>
      <file name="hello-world.ts" path="/home/runner/work/GlacierJS/GlacierJS/packages/package-template/src/lib/hello-world.ts">
        <metrics statements="2" coveredstatements="2" conditionals="0" coveredconditionals="0" methods="1" coveredmethods="1"/>
        <line num="1" count="1" type="stmt"/>
        <line num="2" count="1" type="stmt"/>
      </file>
    </package>
    <package name="sw.src.lib">
      <metrics statements="56" coveredstatements="50" conditionals="43" coveredconditionals="22" methods="19" coveredmethods="19"/>
      <file name="glacier-sw.ts" path="/home/runner/work/GlacierJS/GlacierJS/packages/sw/src/lib/glacier-sw.ts">
        <metrics statements="54" coveredstatements="48" conditionals="43" coveredconditionals="22" methods="19" coveredmethods="19"/>
        <line num="1" count="1" type="stmt"/>
        <line num="2" count="1" type="stmt"/>
        <line num="3" count="1" type="stmt"/>
        <line num="17" count="1" type="stmt"/>
        <line num="22" count="1" type="stmt"/>
        <line num="24" count="5" type="stmt"/>
        <line num="25" count="25" type="stmt"/>
        <line num="40" count="5" type="stmt"/>
        <line num="41" count="3" type="stmt"/>
        <line num="42" count="3" type="stmt"/>
        <line num="43" count="3" type="stmt"/>
        <line num="44" count="3" type="stmt"/>
        <line num="48" count="5" type="stmt"/>
        <line num="49" count="3" type="stmt"/>
        <line num="50" count="3" type="stmt"/>
        <line num="51" count="3" type="stmt"/>
        <line num="52" count="3" type="stmt"/>
        <line num="56" count="5" type="stmt"/>
        <line num="57" count="4" type="stmt"/>
        <line num="58" count="4" type="stmt"/>
        <line num="67" count="4" type="cond" truecount="6" falsecount="2"/>
        <line num="68" count="4" type="stmt"/>
        <line num="69" count="4" type="cond" truecount="2" falsecount="0"/>
        <line num="70" count="3" type="stmt"/>
        <line num="71" count="3" type="cond" truecount="1" falsecount="1"/>
        <line num="73" count="1" type="stmt"/>
        <line num="75" count="4" type="stmt"/>
        <line num="77" count="4" type="stmt"/>
        <line num="78" count="4" type="cond" truecount="6" falsecount="2"/>
        <line num="81" count="4" type="cond" truecount="1" falsecount="0"/>
        <line num="82" count="0" type="stmt"/>
        <line num="86" count="5" type="stmt"/>
        <line num="88" count="3" type="stmt"/>
        <line num="89" count="3" type="stmt"/>
        <line num="90" count="3" type="stmt"/>
        <line num="92" count="3" type="cond" truecount="6" falsecount="4"/>
        <line num="94" count="0" type="stmt"/>
        <line num="95" count="0" type="stmt"/>
        <line num="96" count="0" type="stmt"/>
        <line num="97" count="0" type="cond" truecount="0" falsecount="12"/>
        <line num="100" count="3" type="stmt"/>
        <line num="103" count="3" type="stmt"/>
        <line num="104" count="3" type="stmt"/>
        <line num="105" count="3" type="stmt"/>
        <line num="106" count="3" type="stmt"/>
        <line num="109" count="0" type="stmt"/>
        <line num="120" count="1" type="stmt"/>
        <line num="121" count="1" type="stmt"/>
        <line num="124" count="1" type="stmt"/>
        <line num="134" count="7" type="stmt"/>
        <line num="135" count="7" type="stmt"/>
        <line num="136" count="8" type="stmt"/>
        <line num="137" count="6" type="stmt"/>
        <line num="139" count="7" type="stmt"/>
      </file>
      <file name="logger.ts" path="/home/runner/work/GlacierJS/GlacierJS/packages/sw/src/lib/logger.ts">
        <metrics statements="2" coveredstatements="2" conditionals="0" coveredconditionals="0" methods="0" coveredmethods="0"/>
        <line num="1" count="1" type="stmt"/>
        <line num="3" count="1" type="stmt"/>
      </file>
    </package>
    <package name="sw.src.type">
      <metrics statements="9" coveredstatements="9" conditionals="2" coveredconditionals="2" methods="1" coveredmethods="1"/>
      <file name="index.ts" path="/home/runner/work/GlacierJS/GlacierJS/packages/sw/src/type/index.ts">
        <metrics statements="2" coveredstatements="2" conditionals="0" coveredconditionals="0" methods="0" coveredmethods="0"/>
        <line num="1" count="1" type="stmt"/>
        <line num="2" count="1" type="stmt"/>
      </file>
      <file name="lifecycle.ts" path="/home/runner/work/GlacierJS/GlacierJS/packages/sw/src/type/lifecycle.ts">
        <metrics statements="6" coveredstatements="6" conditionals="2" coveredconditionals="2" methods="1" coveredmethods="1"/>
        <line num="1" count="1" type="cond" truecount="2" falsecount="0"/>
        <line num="2" count="1" type="stmt"/>
        <line num="3" count="1" type="stmt"/>
        <line num="4" count="1" type="stmt"/>
        <line num="5" count="1" type="stmt"/>
        <line num="6" count="1" type="stmt"/>
      </file>
      <file name="sw-plugin.ts" path="/home/runner/work/GlacierJS/GlacierJS/packages/sw/src/type/sw-plugin.ts">
        <metrics statements="1" coveredstatements="1" conditionals="0" coveredconditionals="0" methods="0" coveredmethods="0"/>
        <line num="1" count="1" type="stmt"/>
      </file>
    </package>
    <package name="window.src">
      <metrics statements="2" coveredstatements="2" conditionals="0" coveredconditionals="0" methods="0" coveredmethods="0"/>
      <file name="index.ts" path="/home/runner/work/GlacierJS/GlacierJS/packages/window/src/index.ts">
        <metrics statements="2" coveredstatements="2" conditionals="0" coveredconditionals="0" methods="0" coveredmethods="0"/>
        <line num="1" count="1" type="stmt"/>
        <line num="2" count="1" type="stmt"/>
      </file>
    </package>
    <package name="window.src.lib">
      <metrics statements="29" coveredstatements="26" conditionals="4" coveredconditionals="3" methods="5" coveredmethods="5"/>
      <file name="glacier-window.ts" path="/home/runner/work/GlacierJS/GlacierJS/packages/window/src/lib/glacier-window.ts">
        <metrics statements="27" coveredstatements="24" conditionals="4" coveredconditionals="3" methods="5" coveredmethods="5"/>
        <line num="1" count="1" type="stmt"/>
        <line num="2" count="1" type="stmt"/>
        <line num="3" count="1" type="stmt"/>
        <line num="4" count="1" type="stmt"/>
        <line num="6" count="1" type="stmt"/>
        <line num="10" count="3" type="stmt"/>
        <line num="11" count="6" type="stmt"/>
        <line num="18" count="3" type="cond" truecount="0" falsecount="1"/>
        <line num="19" count="0" type="stmt"/>
        <line num="20" count="0" type="stmt"/>
        <line num="21" count="0" type="stmt"/>
        <line num="24" count="3" type="stmt"/>
        <line num="28" count="3" type="stmt"/>
        <line num="29" count="3" type="stmt"/>
        <line num="30" count="3" type="stmt"/>
        <line num="31" count="3" type="stmt"/>
        <line num="33" count="1" type="stmt"/>
        <line num="34" count="1" type="stmt"/>
        <line num="39" count="2" type="stmt"/>
        <line num="40" count="2" type="stmt"/>
        <line num="41" count="2" type="stmt"/>
        <line num="42" count="1" type="stmt"/>
        <line num="43" count="1" type="stmt"/>
        <line num="44" count="1" type="stmt"/>
        <line num="46" count="1" type="stmt"/>
        <line num="47" count="1" type="stmt"/>
        <line num="52" count="4" type="stmt"/>
      </file>
      <file name="logger.ts" path="/home/runner/work/GlacierJS/GlacierJS/packages/window/src/lib/logger.ts">
        <metrics statements="2" coveredstatements="2" conditionals="0" coveredconditionals="0" methods="0" coveredmethods="0"/>
        <line num="1" count="1" type="stmt"/>
        <line num="3" count="1" type="stmt"/>
      </file>
    </package>
    <package name="window.src.type">
      <metrics statements="6" coveredstatements="6" conditionals="2" coveredconditionals="2" methods="1" coveredmethods="1"/>
      <file name="index.ts" path="/home/runner/work/GlacierJS/GlacierJS/packages/window/src/type/index.ts">
        <metrics statements="2" coveredstatements="2" conditionals="0" coveredconditionals="0" methods="0" coveredmethods="0"/>
        <line num="1" count="1" type="stmt"/>
        <line num="2" count="1" type="stmt"/>
      </file>
      <file name="lifecycle.ts" path="/home/runner/work/GlacierJS/GlacierJS/packages/window/src/type/lifecycle.ts">
        <metrics statements="3" coveredstatements="3" conditionals="2" coveredconditionals="2" methods="1" coveredmethods="1"/>
        <line num="1" count="1" type="cond" truecount="2" falsecount="0"/>
        <line num="2" count="1" type="stmt"/>
        <line num="3" count="1" type="stmt"/>
      </file>
      <file name="window-plugin.ts" path="/home/runner/work/GlacierJS/GlacierJS/packages/window/src/type/window-plugin.ts">
        <metrics statements="1" coveredstatements="1" conditionals="0" coveredconditionals="0" methods="0" coveredmethods="0"/>
        <line num="3" count="1" type="stmt"/>
      </file>
    </package>
  </project>
</coverage>
