{"/home/runner/work/GlacierJS/GlacierJS/packages/core/src/index.ts": {"path":"/home/runner/work/GlacierJS/GlacierJS/packages/core/src/index.ts","statementMap":{"0":{"start":{"line":1,"column":0},"end":{"line":1,"column":29}},"1":{"start":{"line":2,"column":0},"end":{"line":2,"column":39}},"2":{"start":{"line":3,"column":0},"end":{"line":3,"column":32}},"3":{"start":{"line":4,"column":0},"end":{"line":4,"column":9}},"4":{"start":{"line":4,"column":9},"end":{"line":4,"column":29}},"5":{"start":{"line":5,"column":0},"end":{"line":5,"column":29}},"6":{"start":{"line":6,"column":0},"end":{"line":6,"column":30}}},"fnMap":{"0":{"name":"(anonymous_4)","decl":{"start":{"line":4,"column":9},"end":{"line":4,"column":14}},"loc":{"start":{"line":4,"column":9},"end":{"line":4,"column":29}}}},"branchMap":{},"s":{"0":2,"1":2,"2":2,"3":2,"4":3,"5":2,"6":2},"f":{"0":1},"b":{}}
,"/home/runner/work/GlacierJS/GlacierJS/packages/core/src/const/event-name.ts": {"path":"/home/runner/work/GlacierJS/GlacierJS/packages/core/src/const/event-name.ts","statementMap":{"0":{"start":{"line":1,"column":0},"end":{"line":1,"column":null}},"1":{"start":{"line":3,"column":2},"end":{"line":3,"column":null}}},"fnMap":{"0":{"name":"(anonymous_0)","decl":{"start":{"line":1,"column":0},"end":{"line":1,"column":12}},"loc":{"start":{"line":1,"column":22},"end":{"line":4,"column":1}}}},"branchMap":{"0":{"loc":{"start":{"line":1,"column":12},"end":{"line":1,"column":null}},"type":"binary-expr","locations":[{"start":{"line":1,"column":12},"end":{"line":1,"column":22}},{"start":{"line":1,"column":12},"end":{"line":1,"column":null}}]}},"s":{"0":2,"1":2},"f":{"0":2},"b":{"0":[2,2]}}
,"/home/runner/work/GlacierJS/GlacierJS/packages/core/src/const/index.ts": {"path":"/home/runner/work/GlacierJS/GlacierJS/packages/core/src/const/index.ts","statementMap":{"0":{"start":{"line":1,"column":0},"end":{"line":1,"column":29}}},"fnMap":{},"branchMap":{},"s":{"0":2},"f":{},"b":{}}
,"/home/runner/work/GlacierJS/GlacierJS/packages/core/src/lib/compose.ts": {"path":"/home/runner/work/GlacierJS/GlacierJS/packages/core/src/lib/compose.ts","statementMap":{"0":{"start":{"line":8,"column":2},"end":{"line":32,"column":4}},"1":{"start":{"line":10,"column":19},"end":{"line":10,"column":21}},"2":{"start":{"line":13,"column":4},"end":{"line":13,"column":23}},"3":{"start":{"line":16,"column":6},"end":{"line":18,"column":null}},"4":{"start":{"line":17,"column":8},"end":{"line":17,"column":73}},"5":{"start":{"line":19,"column":6},"end":{"line":19,"column":26}},"6":{"start":{"line":20,"column":15},"end":{"line":20,"column":35}},"7":{"start":{"line":23,"column":6},"end":{"line":23,"column":52}},"8":{"start":{"line":23,"column":42},"end":{"line":23,"column":52}},"9":{"start":{"line":24,"column":6},"end":{"line":24,"column":40}},"10":{"start":{"line":24,"column":15},"end":{"line":24,"column":40}},"11":{"start":{"line":25,"column":6},"end":{"line":30,"column":null}},"12":{"start":{"line":27,"column":8},"end":{"line":27,"column":79}},"13":{"start":{"line":29,"column":8},"end":{"line":29,"column":35}},"14":{"start":{"line":7,"column":0},"end":{"line":7,"column":16}}},"fnMap":{"0":{"name":"compose","decl":{"start":{"line":7,"column":16},"end":{"line":7,"column":23}},"loc":{"start":{"line":7,"column":53},"end":{"line":33,"column":1}}},"1":{"name":"(anonymous_1)","decl":{"start":{"line":8,"column":9},"end":{"line":8,"column":19}},"loc":{"start":{"line":8,"column":32},"end":{"line":32,"column":3}}},"2":{"name":"dispatch","decl":{"start":{"line":15,"column":13},"end":{"line":15,"column":21}},"loc":{"start":{"line":15,"column":30},"end":{"line":31,"column":5}}}},"branchMap":{"0":{"loc":{"start":{"line":16,"column":6},"end":{"line":18,"column":null}},"type":"if","locations":[{"start":{"line":16,"column":6},"end":{"line":18,"column":null}}]},"1":{"loc":{"start":{"line":23,"column":6},"end":{"line":23,"column":52}},"type":"if","locations":[{"start":{"line":23,"column":6},"end":{"line":23,"column":52}}]},"2":{"loc":{"start":{"line":24,"column":6},"end":{"line":24,"column":40}},"type":"if","locations":[{"start":{"line":24,"column":6},"end":{"line":24,"column":40}}]}},"s":{"0":51,"1":51,"2":51,"3":137,"4":1,"5":136,"6":136,"7":136,"8":47,"9":136,"10":43,"11":93,"12":93,"13":2,"14":5},"f":{"0":51,"1":51,"2":137},"b":{"0":[1],"1":[47],"2":[43]}}
,"/home/runner/work/GlacierJS/GlacierJS/packages/core/src/lib/logger.ts": {"path":"/home/runner/work/GlacierJS/GlacierJS/packages/core/src/lib/logger.ts","statementMap":{"0":{"start":{"line":7,"column":0},"end":{"line":7,"column":null}},"1":{"start":{"line":8,"column":2},"end":{"line":8,"column":null}},"2":{"start":{"line":9,"column":2},"end":{"line":9,"column":null}},"3":{"start":{"line":10,"column":2},"end":{"line":10,"column":null}},"4":{"start":{"line":11,"column":2},"end":{"line":11,"column":null}},"5":{"start":{"line":14,"column":23},"end":{"line":19,"column":2}},"6":{"start":{"line":60,"column":30},"end":{"line":60,"column":37}},"7":{"start":{"line":61,"column":4},"end":{"line":61,"column":37}},"8":{"start":{"line":61,"column":16},"end":{"line":61,"column":37}},"9":{"start":{"line":62,"column":4},"end":{"line":62,"column":34}},"10":{"start":{"line":62,"column":15},"end":{"line":62,"column":34}},"11":{"start":{"line":66,"column":4},"end":{"line":66,"column":32}},"12":{"start":{"line":70,"column":4},"end":{"line":70,"column":31}},"13":{"start":{"line":74,"column":4},"end":{"line":74,"column":31}},"14":{"start":{"line":78,"column":4},"end":{"line":78,"column":32}},"15":{"start":{"line":82,"column":4},"end":{"line":85,"column":7}},"16":{"start":{"line":89,"column":4},"end":{"line":94,"column":null}},"17":{"start":{"line":90,"column":6},"end":{"line":90,"column":53}},"18":{"start":{"line":90,"column":22},"end":{"line":90,"column":53}},"19":{"start":{"line":91,"column":20},"end":{"line":91,"column":55}},"20":{"start":{"line":92,"column":21},"end":{"line":92,"column":48}},"21":{"start":{"line":93,"column":6},"end":{"line":93,"column":71}},"22":{"start":{"line":98,"column":19},"end":{"line":104,"column":6}},"23":{"start":{"line":106,"column":4},"end":{"line":106,"column":50}},"24":{"start":{"line":45,"column":0},"end":{"line":45,"column":13}},"25":{"start":{"line":46,"column":16},"end":{"line":46,"column":42}},"26":{"start":{"line":48,"column":17},"end":{"line":53,"column":4}},"27":{"start":{"line":115,"column":13},"end":{"line":115,"column":56}}},"fnMap":{"0":{"name":"(anonymous_0)","decl":{"start":{"line":7,"column":0},"end":{"line":7,"column":12}},"loc":{"start":{"line":7,"column":17},"end":{"line":12,"column":1}}},"1":{"name":"(anonymous_1)","decl":{"start":{"line":59,"column":2},"end":{"line":59,"column":14}},"loc":{"start":{"line":59,"column":35},"end":{"line":63,"column":3}}},"2":{"name":"(anonymous_2)","decl":{"start":{"line":65,"column":9},"end":{"line":65,"column":14}},"loc":{"start":{"line":65,"column":22},"end":{"line":67,"column":3}}},"3":{"name":"(anonymous_3)","decl":{"start":{"line":69,"column":9},"end":{"line":69,"column":13}},"loc":{"start":{"line":69,"column":21},"end":{"line":71,"column":3}}},"4":{"name":"(anonymous_4)","decl":{"start":{"line":73,"column":9},"end":{"line":73,"column":13}},"loc":{"start":{"line":73,"column":21},"end":{"line":75,"column":3}}},"5":{"name":"(anonymous_5)","decl":{"start":{"line":77,"column":9},"end":{"line":77,"column":14}},"loc":{"start":{"line":77,"column":22},"end":{"line":79,"column":3}}},"6":{"name":"(anonymous_6)","decl":{"start":{"line":81,"column":9},"end":{"line":81,"column":16}},"loc":{"start":{"line":81,"column":58},"end":{"line":86,"column":3}}},"7":{"name":"(anonymous_7)","decl":{"start":{"line":88,"column":10},"end":{"line":88,"column":13}},"loc":{"start":{"line":88,"column":39},"end":{"line":95,"column":3}}},"8":{"name":"(anonymous_8)","decl":{"start":{"line":97,"column":10},"end":{"line":97,"column":18}},"loc":{"start":{"line":97,"column":38},"end":{"line":107,"column":3}}}},"branchMap":{"0":{"loc":{"start":{"line":7,"column":12},"end":{"line":7,"column":null}},"type":"binary-expr","locations":[{"start":{"line":7,"column":12},"end":{"line":7,"column":17}},{"start":{"line":7,"column":12},"end":{"line":7,"column":null}}]},"1":{"loc":{"start":{"line":59,"column":14},"end":{"line":59,"column":35}},"type":"default-arg","locations":[{"start":{"line":59,"column":33},"end":{"line":59,"column":35}}]},"2":{"loc":{"start":{"line":61,"column":4},"end":{"line":61,"column":37}},"type":"if","locations":[{"start":{"line":61,"column":4},"end":{"line":61,"column":37}}]},"3":{"loc":{"start":{"line":62,"column":4},"end":{"line":62,"column":34}},"type":"if","locations":[{"start":{"line":62,"column":4},"end":{"line":62,"column":34}}]},"4":{"loc":{"start":{"line":89,"column":4},"end":{"line":94,"column":null}},"type":"if","locations":[{"start":{"line":89,"column":4},"end":{"line":94,"column":null}}]},"5":{"loc":{"start":{"line":90,"column":6},"end":{"line":90,"column":53}},"type":"if","locations":[{"start":{"line":90,"column":6},"end":{"line":90,"column":53}}]}},"s":{"0":4,"1":4,"2":4,"3":4,"4":4,"5":4,"6":6,"7":6,"8":6,"9":6,"10":0,"11":2,"12":0,"13":0,"14":282,"15":2,"16":284,"17":11,"18":0,"19":11,"20":11,"21":11,"22":11,"23":11,"24":4,"25":4,"26":4,"27":4},"f":{"0":4,"1":6,"2":2,"3":0,"4":0,"5":282,"6":2,"7":284,"8":11},"b":{"0":[4,4],"1":[0],"2":[6],"3":[0],"4":[11],"5":[0]}}
,"/home/runner/work/GlacierJS/GlacierJS/packages/core/src/lib/middleware-queue.ts": {"path":"/home/runner/work/GlacierJS/GlacierJS/packages/core/src/lib/middleware-queue.ts","statementMap":{"0":{"start":{"line":1,"column":0},"end":{"line":1,"column":34}},"1":{"start":{"line":2,"column":0},"end":{"line":2,"column":36}},"2":{"start":{"line":4,"column":0},"end":{"line":4,"column":76}},"3":{"start":{"line":7,"column":10},"end":{"line":7,"column":29}},"4":{"start":{"line":8,"column":10},"end":{"line":8,"column":40}},"5":{"start":{"line":9,"column":10},"end":{"line":9,"column":62}},"6":{"start":{"line":12,"column":4},"end":{"line":12,"column":31}},"7":{"start":{"line":12,"column":14},"end":{"line":12,"column":31}},"8":{"start":{"line":16,"column":4},"end":{"line":20,"column":6}},"9":{"start":{"line":23,"column":32},"end":{"line":23,"column":77}},"10":{"start":{"line":24,"column":30},"end":{"line":24,"column":108}},"11":{"start":{"line":24,"column":79},"end":{"line":24,"column":95}},"12":{"start":{"line":25,"column":4},"end":{"line":25,"column":39}},"13":{"start":{"line":29,"column":4},"end":{"line":32,"column":6}},"14":{"start":{"line":33,"column":4},"end":{"line":33,"column":40}},"15":{"start":{"line":6,"column":0},"end":{"line":6,"column":13}}},"fnMap":{"0":{"name":"(anonymous_7)","decl":{"start":{"line":11,"column":2},"end":{"line":11,"column":14}},"loc":{"start":{"line":11,"column":18},"end":{"line":13,"column":3}}},"1":{"name":"(anonymous_8)","decl":{"start":{"line":15,"column":9},"end":{"line":15,"column":13}},"loc":{"start":{"line":15,"column":66},"end":{"line":26,"column":3}}},"2":{"name":"(anonymous_9)","decl":{"start":{"line":24,"column":57},"end":{"line":24,"column":58}},"loc":{"start":{"line":24,"column":79},"end":{"line":24,"column":95}}},"3":{"name":"(anonymous_10)","decl":{"start":{"line":28,"column":15},"end":{"line":28,"column":21}},"loc":{"start":{"line":28,"column":38},"end":{"line":34,"column":null}}}},"branchMap":{"0":{"loc":{"start":{"line":12,"column":4},"end":{"line":12,"column":31}},"type":"if","locations":[{"start":{"line":12,"column":4},"end":{"line":12,"column":31}}]},"1":{"loc":{"start":{"line":23,"column":36},"end":{"line":23,"column":54}},"type":"binary-expr","locations":[{"start":{"line":23,"column":36},"end":{"line":23,"column":48}},{"start":{"line":23,"column":52},"end":{"line":23,"column":54}}]}},"s":{"0":4,"1":4,"2":4,"3":74,"4":74,"5":74,"6":74,"7":74,"8":104,"9":104,"10":104,"11":104,"12":104,"13":33,"14":33,"15":4},"f":{"0":74,"1":104,"2":104,"3":33},"b":{"0":[74],"1":[104,104]}}
,"/home/runner/work/GlacierJS/GlacierJS/packages/core/src/lib/pluggable.ts": {"path":"/home/runner/work/GlacierJS/GlacierJS/packages/core/src/lib/pluggable.ts","statementMap":{"0":{"start":{"line":1,"column":0},"end":{"line":1,"column":39}},"1":{"start":{"line":2,"column":0},"end":{"line":2,"column":53}},"2":{"start":{"line":4,"column":0},"end":{"line":4,"column":34}},"3":{"start":{"line":19,"column":24},"end":{"line":19,"column":47}},"4":{"start":{"line":19,"column":61},"end":{"line":19,"column":91}},"5":{"start":{"line":11,"column":9},"end":{"line":17,"column":6}},"6":{"start":{"line":20,"column":4},"end":{"line":20,"column":33}},"7":{"start":{"line":21,"column":4},"end":{"line":21,"column":41}},"8":{"start":{"line":22,"column":4},"end":{"line":27,"column":7}},"9":{"start":{"line":23,"column":6},"end":{"line":26,"column":8}},"10":{"start":{"line":34,"column":4},"end":{"line":38,"column":null}},"11":{"start":{"line":35,"column":6},"end":{"line":35,"column":68}},"12":{"start":{"line":37,"column":6},"end":{"line":37,"column":80}},"13":{"start":{"line":42,"column":23},"end":{"line":42,"column":73}},"14":{"start":{"line":43,"column":13},"end":{"line":43,"column":54}},"15":{"start":{"line":46,"column":29},"end":{"line":48,"column":6}},"16":{"start":{"line":50,"column":4},"end":{"line":64,"column":7}},"17":{"start":{"line":52,"column":20},"end":{"line":60,"column":15}},"18":{"start":{"line":53,"column":21},"end":{"line":53,"column":26}},"19":{"start":{"line":54,"column":28},"end":{"line":54,"column":52}},"20":{"start":{"line":55,"column":8},"end":{"line":58,"column":null}},"21":{"start":{"line":56,"column":10},"end":{"line":56,"column":82}},"22":{"start":{"line":57,"column":10},"end":{"line":57,"column":24}},"23":{"start":{"line":59,"column":8},"end":{"line":59,"column":22}},"24":{"start":{"line":63,"column":6},"end":{"line":63,"column":46}},"25":{"start":{"line":63,"column":17},"end":{"line":63,"column":46}},"26":{"start":{"line":67,"column":4},"end":{"line":69,"column":null}},"27":{"start":{"line":68,"column":6},"end":{"line":68,"column":44}},"28":{"start":{"line":73,"column":4},"end":{"line":96,"column":7}},"29":{"start":{"line":75,"column":23},"end":{"line":75,"column":29}},"30":{"start":{"line":76,"column":6},"end":{"line":82,"column":null}},"31":{"start":{"line":77,"column":8},"end":{"line":81,"column":null}},"32":{"start":{"line":78,"column":10},"end":{"line":78,"column":97}},"33":{"start":{"line":80,"column":10},"end":{"line":80,"column":45}},"34":{"start":{"line":85,"column":6},"end":{"line":85,"column":40}},"35":{"start":{"line":86,"column":6},"end":{"line":86,"column":65}},"36":{"start":{"line":89,"column":6},"end":{"line":95,"column":9}},"37":{"start":{"line":90,"column":24},"end":{"line":90,"column":41}},"38":{"start":{"line":91,"column":8},"end":{"line":91,"column":29}},"39":{"start":{"line":91,"column":22},"end":{"line":91,"column":29}},"40":{"start":{"line":92,"column":52},"end":{"line":92,"column":94}},"41":{"start":{"line":93,"column":8},"end":{"line":93,"column":41}},"42":{"start":{"line":94,"column":8},"end":{"line":94,"column":92}},"43":{"start":{"line":100,"column":4},"end":{"line":115,"column":7}},"44":{"start":{"line":102,"column":20},"end":{"line":102,"column":70}},"45":{"start":{"line":103,"column":25},"end":{"line":103,"column":64}},"46":{"start":{"line":106,"column":6},"end":{"line":112,"column":9}},"47":{"start":{"line":108,"column":24},"end":{"line":108,"column":41}},"48":{"start":{"line":109,"column":8},"end":{"line":109,"column":29}},"49":{"start":{"line":109,"column":22},"end":{"line":109,"column":29}},"50":{"start":{"line":110,"column":8},"end":{"line":110,"column":52}},"51":{"start":{"line":111,"column":8},"end":{"line":111,"column":100}},"52":{"start":{"line":114,"column":6},"end":{"line":114,"column":66}},"53":{"start":{"line":117,"column":4},"end":{"line":133,"column":7}},"54":{"start":{"line":119,"column":23},"end":{"line":119,"column":29}},"55":{"start":{"line":120,"column":29},"end":{"line":120,"column":60}},"56":{"start":{"line":121,"column":6},"end":{"line":128,"column":null}},"57":{"start":{"line":122,"column":8},"end":{"line":126,"column":null}},"58":{"start":{"line":123,"column":10},"end":{"line":123,"column":107}},"59":{"start":{"line":125,"column":10},"end":{"line":125,"column":40}},"60":{"start":{"line":127,"column":8},"end":{"line":127,"column":51}},"61":{"start":{"line":131,"column":6},"end":{"line":131,"column":40}},"62":{"start":{"line":132,"column":6},"end":{"line":132,"column":74}},"63":{"start":{"line":6,"column":0},"end":{"line":6,"column":13}}},"fnMap":{"0":{"name":"(anonymous_7)","decl":{"start":{"line":19,"column":2},"end":{"line":19,"column":24}},"loc":{"start":{"line":19,"column":91},"end":{"line":28,"column":3}}},"1":{"name":"(anonymous_8)","decl":{"start":{"line":22,"column":28},"end":{"line":22,"column":29}},"loc":{"start":{"line":22,"column":42},"end":{"line":27,"column":5}}},"2":{"name":"(anonymous_9)","decl":{"start":{"line":32,"column":9},"end":{"line":32,"column":12}},"loc":{"start":{"line":32,"column":99},"end":{"line":39,"column":3}}},"3":{"name":"(anonymous_10)","decl":{"start":{"line":41,"column":18},"end":{"line":41,"column":41}},"loc":{"start":{"line":41,"column":140},"end":{"line":70,"column":null}}},"4":{"name":"(anonymous_12)","decl":{"start":{"line":50,"column":23},"end":{"line":50,"column":24}},"loc":{"start":{"line":50,"column":32},"end":{"line":64,"column":5}}},"5":{"name":"(anonymous_13)","decl":{"start":{"line":52,"column":68},"end":{"line":52,"column":69}},"loc":{"start":{"line":52,"column":83},"end":{"line":60,"column":7}}},"6":{"name":"(anonymous_14)","decl":{"start":{"line":72,"column":10},"end":{"line":72,"column":26}},"loc":{"start":{"line":72,"column":50},"end":{"line":97,"column":3}}},"7":{"name":"(anonymous_15)","decl":{"start":{"line":73,"column":20},"end":{"line":73,"column":21}},"loc":{"start":{"line":73,"column":31},"end":{"line":96,"column":5}}},"8":{"name":"(anonymous_16)","decl":{"start":{"line":89,"column":30},"end":{"line":89,"column":31}},"loc":{"start":{"line":89,"column":44},"end":{"line":95,"column":7}}},"9":{"name":"(anonymous_17)","decl":{"start":{"line":99,"column":10},"end":{"line":99,"column":25}},"loc":{"start":{"line":99,"column":64},"end":{"line":134,"column":3}}},"10":{"name":"(anonymous_18)","decl":{"start":{"line":100,"column":28},"end":{"line":100,"column":29}},"loc":{"start":{"line":100,"column":42},"end":{"line":115,"column":5}}},"11":{"name":"(anonymous_19)","decl":{"start":{"line":106,"column":22},"end":{"line":106,"column":28}},"loc":{"start":{"line":106,"column":31},"end":{"line":112,"column":7}}},"12":{"name":"(anonymous_20)","decl":{"start":{"line":117,"column":20},"end":{"line":117,"column":21}},"loc":{"start":{"line":117,"column":31},"end":{"line":133,"column":5}}}},"branchMap":{"0":{"loc":{"start":{"line":19,"column":24},"end":{"line":19,"column":49}},"type":"default-arg","locations":[{"start":{"line":19,"column":47},"end":{"line":19,"column":49}}]},"1":{"loc":{"start":{"line":34,"column":4},"end":{"line":38,"column":null}},"type":"if","locations":[{"start":{"line":34,"column":4},"end":{"line":38,"column":null}},{"start":{"line":36,"column":11},"end":{"line":38,"column":null}}]},"2":{"loc":{"start":{"line":35,"column":28},"end":{"line":35,"column":66}},"type":"cond-expr","locations":[{"start":{"line":35,"column":51},"end":{"line":35,"column":56}},{"start":{"line":35,"column":59},"end":{"line":35,"column":66}}]},"3":{"loc":{"start":{"line":37,"column":34},"end":{"line":37,"column":78}},"type":"cond-expr","locations":[{"start":{"line":37,"column":59},"end":{"line":37,"column":66}},{"start":{"line":37,"column":69},"end":{"line":37,"column":78}}]},"4":{"loc":{"start":{"line":42,"column":23},"end":{"line":42,"column":73}},"type":"cond-expr","locations":[{"start":{"line":42,"column":50},"end":{"line":42,"column":59}},{"start":{"line":42,"column":62},"end":{"line":42,"column":73}}]},"5":{"loc":{"start":{"line":43,"column":22},"end":{"line":43,"column":35}},"type":"binary-expr","locations":[{"start":{"line":43,"column":22},"end":{"line":43,"column":29}},{"start":{"line":43,"column":33},"end":{"line":43,"column":35}}]},"6":{"loc":{"start":{"line":52,"column":20},"end":{"line":60,"column":15}},"type":"cond-expr","locations":[{"start":{"line":60,"column":8},"end":{"line":60,"column":10}},{"start":{"line":60,"column":8},"end":{"line":60,"column":15}}]},"7":{"loc":{"start":{"line":52,"column":20},"end":{"line":60,"column":10}},"type":"binary-expr","locations":[{"start":{"line":52,"column":20},"end":{"line":60,"column":10}},{"start":{"line":60,"column":8},"end":{"line":60,"column":10}}]},"8":{"loc":{"start":{"line":55,"column":8},"end":{"line":58,"column":null}},"type":"if","locations":[{"start":{"line":55,"column":8},"end":{"line":58,"column":null}}]},"9":{"loc":{"start":{"line":63,"column":6},"end":{"line":63,"column":46}},"type":"if","locations":[{"start":{"line":63,"column":6},"end":{"line":63,"column":46}}]},"10":{"loc":{"start":{"line":76,"column":6},"end":{"line":82,"column":null}},"type":"if","locations":[{"start":{"line":76,"column":6},"end":{"line":82,"column":null}}]},"11":{"loc":{"start":{"line":77,"column":8},"end":{"line":81,"column":null}},"type":"if","locations":[{"start":{"line":77,"column":8},"end":{"line":81,"column":null}},{"start":{"line":79,"column":15},"end":{"line":81,"column":null}}]},"12":{"loc":{"start":{"line":85,"column":6},"end":{"line":85,"column":39}},"type":"cond-expr","locations":[{"start":{"line":85,"column":18},"end":{"line":85,"column":21}},{"start":{"line":85,"column":18},"end":{"line":85,"column":39}}]},"13":{"loc":{"start":{"line":85,"column":6},"end":{"line":85,"column":21}},"type":"binary-expr","locations":[{"start":{"line":85,"column":6},"end":{"line":85,"column":21}},{"start":{"line":85,"column":18},"end":{"line":85,"column":21}}]},"14":{"loc":{"start":{"line":91,"column":8},"end":{"line":91,"column":29}},"type":"if","locations":[{"start":{"line":91,"column":8},"end":{"line":91,"column":29}}]},"15":{"loc":{"start":{"line":109,"column":8},"end":{"line":109,"column":29}},"type":"if","locations":[{"start":{"line":109,"column":8},"end":{"line":109,"column":29}}]},"16":{"loc":{"start":{"line":120,"column":29},"end":{"line":120,"column":60}},"type":"binary-expr","locations":[{"start":{"line":120,"column":29},"end":{"line":120,"column":54}},{"start":{"line":120,"column":58},"end":{"line":120,"column":60}}]},"17":{"loc":{"start":{"line":121,"column":6},"end":{"line":128,"column":null}},"type":"if","locations":[{"start":{"line":121,"column":6},"end":{"line":128,"column":null}}]},"18":{"loc":{"start":{"line":122,"column":8},"end":{"line":126,"column":null}},"type":"if","locations":[{"start":{"line":122,"column":8},"end":{"line":126,"column":null}},{"start":{"line":124,"column":15},"end":{"line":126,"column":null}}]},"19":{"loc":{"start":{"line":131,"column":6},"end":{"line":131,"column":39}},"type":"cond-expr","locations":[{"start":{"line":131,"column":18},"end":{"line":131,"column":21}},{"start":{"line":131,"column":18},"end":{"line":131,"column":39}}]},"20":{"loc":{"start":{"line":131,"column":6},"end":{"line":131,"column":21}},"type":"binary-expr","locations":[{"start":{"line":131,"column":6},"end":{"line":131,"column":21}},{"start":{"line":131,"column":18},"end":{"line":131,"column":21}}]}},"s":{"0":2,"1":2,"2":2,"3":8,"4":8,"5":8,"6":8,"7":8,"8":8,"9":31,"10":13,"11":5,"12":8,"13":18,"14":18,"15":18,"16":18,"17":17,"18":18,"19":18,"20":18,"21":12,"22":12,"23":18,"24":17,"25":12,"26":18,"27":30,"28":5,"29":9,"30":9,"31":9,"32":0,"33":9,"34":9,"35":9,"36":9,"37":42,"38":42,"39":8,"40":34,"41":34,"42":34,"43":8,"44":40,"45":40,"46":40,"47":80,"48":80,"49":16,"50":64,"51":64,"52":40,"53":8,"54":16,"55":16,"56":16,"57":16,"58":0,"59":16,"60":16,"61":16,"62":16,"63":2},"f":{"0":8,"1":31,"2":13,"3":18,"4":17,"5":18,"6":5,"7":9,"8":42,"9":8,"10":40,"11":80,"12":16},"b":{"0":[0],"1":[5,8],"2":[4,1],"3":[8,0],"4":[7,11],"5":[18,5],"6":[5,12],"7":[17,17],"8":[12],"9":[12],"10":[9],"11":[0,9],"12":[0,9],"13":[9,9],"14":[8],"15":[16],"16":[16,8],"17":[16],"18":[0,16],"19":[0,16],"20":[16,16]}}
,"/home/runner/work/GlacierJS/GlacierJS/packages/core/src/lib/interceptors/call-next-while-ignore.ts": {"path":"/home/runner/work/GlacierJS/GlacierJS/packages/core/src/lib/interceptors/call-next-while-ignore.ts","statementMap":{"0":{"start":{"line":24,"column":48},"end":{"line":33,"column":2}},"1":{"start":{"line":24,"column":64},"end":{"line":33,"column":2}},"2":{"start":{"line":24,"column":88},"end":{"line":33,"column":2}},"3":{"start":{"line":25,"column":19},"end":{"line":25,"column":24}},"4":{"start":{"line":26,"column":17},"end":{"line":29,"column":4}},"5":{"start":{"line":27,"column":4},"end":{"line":27,"column":22}},"6":{"start":{"line":28,"column":4},"end":{"line":28,"column":18}},"7":{"start":{"line":31,"column":2},"end":{"line":31,"column":41}},"8":{"start":{"line":31,"column":28},"end":{"line":31,"column":41}},"9":{"start":{"line":32,"column":2},"end":{"line":32,"column":16}},"10":{"start":{"line":24,"column":13},"end":{"line":24,"column":48}}},"fnMap":{"0":{"name":"(anonymous_7)","decl":{"start":{"line":24,"column":48},"end":{"line":24,"column":49}},"loc":{"start":{"line":24,"column":64},"end":{"line":33,"column":2}}},"1":{"name":"(anonymous_8)","decl":{"start":{"line":24,"column":64},"end":{"line":24,"column":71}},"loc":{"start":{"line":24,"column":88},"end":{"line":33,"column":2}}},"2":{"name":"(anonymous_9)","decl":{"start":{"line":24,"column":88},"end":{"line":24,"column":null}},"loc":{"start":{"line":24,"column":88},"end":{"line":33,"column":1}}},"3":{"name":"(anonymous_10)","decl":{"start":{"line":26,"column":43},"end":{"line":26,"column":46}},"loc":{"start":{"line":26,"column":48},"end":{"line":29,"column":3}}}},"branchMap":{"0":{"loc":{"start":{"line":31,"column":2},"end":{"line":31,"column":41}},"type":"if","locations":[{"start":{"line":31,"column":2},"end":{"line":31,"column":41}}]}},"s":{"0":4,"1":104,"2":58,"3":58,"4":58,"5":2,"6":2,"7":58,"8":56,"9":58,"10":4},"f":{"0":104,"1":58,"2":58,"3":2},"b":{"0":[56]}}
,"/home/runner/work/GlacierJS/GlacierJS/packages/package-template/src/lib/hello-world.ts": {"path":"/home/runner/work/GlacierJS/GlacierJS/packages/package-template/src/lib/hello-world.ts","statementMap":{"0":{"start":{"line":2,"column":2},"end":{"line":2,"column":32}},"1":{"start":{"line":1,"column":0},"end":{"line":1,"column":24}}},"fnMap":{"0":{"name":"HelloWorld","decl":{"start":{"line":1,"column":24},"end":{"line":1,"column":34}},"loc":{"start":{"line":1,"column":39},"end":{"line":3,"column":1}}}},"branchMap":{},"s":{"0":1,"1":1},"f":{"0":1},"b":{}}
,"/home/runner/work/GlacierJS/GlacierJS/packages/sw/src/lib/glacier-sw.ts": {"path":"/home/runner/work/GlacierJS/GlacierJS/packages/sw/src/lib/glacier-sw.ts","statementMap":{"0":{"start":{"line":1,"column":0},"end":{"line":1,"column":56}},"1":{"start":{"line":2,"column":0},"end":{"line":2,"column":34}},"2":{"start":{"line":3,"column":0},"end":{"line":3,"column":null}},"3":{"start":{"line":17,"column":5},"end":{"line":17,"column":49}},"4":{"start":{"line":21,"column":4},"end":{"line":30,"column":6}},"5":{"start":{"line":22,"column":46},"end":{"line":22,"column":55}},"6":{"start":{"line":34,"column":4},"end":{"line":40,"column":7}},"7":{"start":{"line":35,"column":6},"end":{"line":39,"column":12}},"8":{"start":{"line":35,"column":34},"end":{"line":39,"column":8}},"9":{"start":{"line":36,"column":27},"end":{"line":36,"column":69}},"10":{"start":{"line":37,"column":8},"end":{"line":37,"column":103}},"11":{"start":{"line":38,"column":8},"end":{"line":38,"column":57}},"12":{"start":{"line":42,"column":4},"end":{"line":48,"column":7}},"13":{"start":{"line":43,"column":6},"end":{"line":47,"column":12}},"14":{"start":{"line":43,"column":34},"end":{"line":47,"column":8}},"15":{"start":{"line":44,"column":27},"end":{"line":44,"column":69}},"16":{"start":{"line":45,"column":8},"end":{"line":45,"column":105}},"17":{"start":{"line":46,"column":8},"end":{"line":46,"column":58}},"18":{"start":{"line":50,"column":4},"end":{"line":78,"column":7}},"19":{"start":{"line":51,"column":6},"end":{"line":77,"column":12}},"20":{"start":{"line":51,"column":36},"end":{"line":77,"column":8}},"21":{"start":{"line":52,"column":38},"end":{"line":52,"column":63}},"22":{"start":{"line":61,"column":26},"end":{"line":61,"column":62}},"23":{"start":{"line":62,"column":25},"end":{"line":62,"column":39}},"24":{"start":{"line":63,"column":8},"end":{"line":68,"column":null}},"25":{"start":{"line":64,"column":25},"end":{"line":64,"column":52}},"26":{"start":{"line":65,"column":10},"end":{"line":65,"column":63}},"27":{"start":{"line":67,"column":10},"end":{"line":67,"column":32}},"28":{"start":{"line":69,"column":26},"end":{"line":69,"column":44}},"29":{"start":{"line":71,"column":8},"end":{"line":71,"column":96}},"30":{"start":{"line":72,"column":8},"end":{"line":72,"column":86}},"31":{"start":{"line":75,"column":8},"end":{"line":75,"column":54}},"32":{"start":{"line":75,"column":26},"end":{"line":75,"column":54}},"33":{"start":{"line":76,"column":8},"end":{"line":76,"column":27}},"34":{"start":{"line":80,"column":4},"end":{"line":106,"column":7}},"35":{"start":{"line":82,"column":6},"end":{"line":105,"column":11}},"36":{"start":{"line":82,"column":18},"end":{"line":105,"column":8}},"37":{"start":{"line":83,"column":8},"end":{"line":83,"column":56}},"38":{"start":{"line":84,"column":8},"end":{"line":104,"column":null}},"39":{"start":{"line":86,"column":10},"end":{"line":101,"column":null}},"40":{"start":{"line":88,"column":12},"end":{"line":88,"column":71}},"41":{"start":{"line":89,"column":12},"end":{"line":89,"column":35}},"42":{"start":{"line":90,"column":12},"end":{"line":90,"column":76}},"43":{"start":{"line":91,"column":12},"end":{"line":91,"column":54}},"44":{"start":{"line":94,"column":12},"end":{"line":94,"column":72}},"45":{"start":{"line":97,"column":34},"end":{"line":97,"column":74}},"46":{"start":{"line":98,"column":30},"end":{"line":98,"column":64}},"47":{"start":{"line":99,"column":12},"end":{"line":99,"column":106}},"48":{"start":{"line":100,"column":12},"end":{"line":100,"column":77}},"49":{"start":{"line":103,"column":10},"end":{"line":103,"column":47}},"50":{"start":{"line":111,"column":23},"end":{"line":111,"column":65}},"51":{"start":{"line":112,"column":4},"end":{"line":112,"column":74}},"52":{"start":{"line":115,"column":4},"end":{"line":115,"column":36}},"53":{"start":{"line":125,"column":23},"end":{"line":125,"column":65}},"54":{"start":{"line":126,"column":23},"end":{"line":128,"column":50}},"55":{"start":{"line":127,"column":24},"end":{"line":127,"column":60}},"56":{"start":{"line":128,"column":21},"end":{"line":128,"column":49}},"57":{"start":{"line":130,"column":4},"end":{"line":130,"column":22}},"58":{"start":{"line":19,"column":0},"end":{"line":19,"column":13}}},"fnMap":{"0":{"name":"(anonymous_7)","decl":{"start":{"line":20,"column":2},"end":{"line":20,"column":null}},"loc":{"start":{"line":20,"column":2},"end":{"line":31,"column":3}}},"1":{"name":"(anonymous_8)","decl":{"start":{"line":22,"column":33},"end":{"line":22,"column":42}},"loc":{"start":{"line":22,"column":46},"end":{"line":22,"column":55}}},"2":{"name":"(anonymous_9)","decl":{"start":{"line":33,"column":9},"end":{"line":33,"column":15}},"loc":{"start":{"line":33,"column":15},"end":{"line":107,"column":3}}},"3":{"name":"(anonymous_10)","decl":{"start":{"line":34,"column":32},"end":{"line":34,"column":33}},"loc":{"start":{"line":34,"column":59},"end":{"line":40,"column":5}}},"4":{"name":"(anonymous_11)","decl":{"start":{"line":35,"column":23},"end":{"line":35,"column":32}},"loc":{"start":{"line":35,"column":34},"end":{"line":39,"column":8}}},"5":{"name":"(anonymous_12)","decl":{"start":{"line":35,"column":34},"end":{"line":35,"column":null}},"loc":{"start":{"line":35,"column":34},"end":{"line":39,"column":7}}},"6":{"name":"(anonymous_13)","decl":{"start":{"line":42,"column":33},"end":{"line":42,"column":34}},"loc":{"start":{"line":42,"column":60},"end":{"line":48,"column":5}}},"7":{"name":"(anonymous_14)","decl":{"start":{"line":43,"column":23},"end":{"line":43,"column":32}},"loc":{"start":{"line":43,"column":34},"end":{"line":47,"column":8}}},"8":{"name":"(anonymous_15)","decl":{"start":{"line":43,"column":34},"end":{"line":43,"column":null}},"loc":{"start":{"line":43,"column":34},"end":{"line":47,"column":7}}},"9":{"name":"(anonymous_16)","decl":{"start":{"line":50,"column":30},"end":{"line":50,"column":31}},"loc":{"start":{"line":50,"column":52},"end":{"line":78,"column":5}}},"10":{"name":"(anonymous_17)","decl":{"start":{"line":51,"column":25},"end":{"line":51,"column":34}},"loc":{"start":{"line":51,"column":36},"end":{"line":77,"column":8}}},"11":{"name":"(anonymous_18)","decl":{"start":{"line":51,"column":36},"end":{"line":51,"column":null}},"loc":{"start":{"line":51,"column":36},"end":{"line":77,"column":7}}},"12":{"name":"(anonymous_19)","decl":{"start":{"line":80,"column":32},"end":{"line":80,"column":33}},"loc":{"start":{"line":80,"column":66},"end":{"line":106,"column":5}}},"13":{"name":"(anonymous_20)","decl":{"start":{"line":82,"column":7},"end":{"line":82,"column":16}},"loc":{"start":{"line":82,"column":18},"end":{"line":105,"column":8}}},"14":{"name":"(anonymous_21)","decl":{"start":{"line":82,"column":18},"end":{"line":82,"column":null}},"loc":{"start":{"line":82,"column":18},"end":{"line":105,"column":7}}},"15":{"name":"(anonymous_22)","decl":{"start":{"line":109,"column":15},"end":{"line":109,"column":24}},"loc":{"start":{"line":109,"column":24},"end":{"line":116,"column":null}}},"16":{"name":"(anonymous_24)","decl":{"start":{"line":124,"column":16},"end":{"line":124,"column":45}},"loc":{"start":{"line":124,"column":45},"end":{"line":131,"column":null}}},"17":{"name":"(anonymous_26)","decl":{"start":{"line":127,"column":14},"end":{"line":127,"column":20}},"loc":{"start":{"line":127,"column":24},"end":{"line":127,"column":60}}},"18":{"name":"(anonymous_27)","decl":{"start":{"line":128,"column":11},"end":{"line":128,"column":17}},"loc":{"start":{"line":128,"column":21},"end":{"line":128,"column":49}}}},"branchMap":{"0":{"loc":{"start":{"line":61,"column":34},"end":{"line":61,"column":61}},"type":"cond-expr","locations":[{"start":{"line":61,"column":56},"end":{"line":61,"column":58}},{"start":{"line":61,"column":56},"end":{"line":61,"column":61}}]},"1":{"loc":{"start":{"line":61,"column":34},"end":{"line":61,"column":58}},"type":"binary-expr","locations":[{"start":{"line":61,"column":34},"end":{"line":61,"column":58}},{"start":{"line":61,"column":56},"end":{"line":61,"column":58}}]},"2":{"loc":{"start":{"line":61,"column":34},"end":{"line":61,"column":56}},"type":"cond-expr","locations":[{"start":{"line":61,"column":47},"end":{"line":61,"column":49}},{"start":{"line":61,"column":47},"end":{"line":61,"column":56}}]},"3":{"loc":{"start":{"line":61,"column":34},"end":{"line":61,"column":49}},"type":"binary-expr","locations":[{"start":{"line":61,"column":34},"end":{"line":61,"column":49}},{"start":{"line":61,"column":47},"end":{"line":61,"column":49}}]},"4":{"loc":{"start":{"line":63,"column":8},"end":{"line":68,"column":null}},"type":"if","locations":[{"start":{"line":63,"column":8},"end":{"line":68,"column":null}},{"start":{"line":66,"column":15},"end":{"line":68,"column":null}}]},"5":{"loc":{"start":{"line":65,"column":22},"end":{"line":65,"column":62}},"type":"cond-expr","locations":[{"start":{"line":65,"column":31},"end":{"line":65,"column":50}},{"start":{"line":65,"column":53},"end":{"line":65,"column":62}}]},"6":{"loc":{"start":{"line":72,"column":48},"end":{"line":72,"column":75}},"type":"cond-expr","locations":[{"start":{"line":72,"column":70},"end":{"line":72,"column":72}},{"start":{"line":72,"column":70},"end":{"line":72,"column":75}}]},"7":{"loc":{"start":{"line":72,"column":48},"end":{"line":72,"column":72}},"type":"binary-expr","locations":[{"start":{"line":72,"column":48},"end":{"line":72,"column":72}},{"start":{"line":72,"column":70},"end":{"line":72,"column":72}}]},"8":{"loc":{"start":{"line":72,"column":48},"end":{"line":72,"column":70}},"type":"cond-expr","locations":[{"start":{"line":72,"column":61},"end":{"line":72,"column":63}},{"start":{"line":72,"column":61},"end":{"line":72,"column":70}}]},"9":{"loc":{"start":{"line":72,"column":48},"end":{"line":72,"column":63}},"type":"binary-expr","locations":[{"start":{"line":72,"column":48},"end":{"line":72,"column":63}},{"start":{"line":72,"column":61},"end":{"line":72,"column":63}}]},"10":{"loc":{"start":{"line":75,"column":8},"end":{"line":75,"column":54}},"type":"if","locations":[{"start":{"line":75,"column":8},"end":{"line":75,"column":54}}]},"11":{"loc":{"start":{"line":86,"column":10},"end":{"line":101,"column":null}},"type":"if","locations":[{"start":{"line":86,"column":10},"end":{"line":101,"column":null}},{"start":{"line":92,"column":17},"end":{"line":101,"column":null}}]},"12":{"loc":{"start":{"line":86,"column":14},"end":{"line":86,"column":31}},"type":"cond-expr","locations":[{"start":{"line":86,"column":25},"end":{"line":86,"column":27}},{"start":{"line":86,"column":25},"end":{"line":86,"column":31}}]},"13":{"loc":{"start":{"line":86,"column":14},"end":{"line":86,"column":27}},"type":"binary-expr","locations":[{"start":{"line":86,"column":14},"end":{"line":86,"column":27}},{"start":{"line":86,"column":25},"end":{"line":86,"column":27}}]},"14":{"loc":{"start":{"line":86,"column":14},"end":{"line":86,"column":25}},"type":"cond-expr","locations":[{"start":{"line":86,"column":19},"end":{"line":86,"column":21}},{"start":{"line":86,"column":14},"end":{"line":86,"column":25}}]},"15":{"loc":{"start":{"line":86,"column":14},"end":{"line":86,"column":21}},"type":"binary-expr","locations":[{"start":{"line":86,"column":14},"end":{"line":86,"column":21}},{"start":{"line":86,"column":14},"end":{"line":86,"column":21}}]},"16":{"loc":{"start":{"line":91,"column":12},"end":{"line":91,"column":53}},"type":"cond-expr","locations":[{"start":{"line":91,"column":29},"end":{"line":91,"column":31}},{"start":{"line":91,"column":29},"end":{"line":91,"column":53}}]},"17":{"loc":{"start":{"line":91,"column":12},"end":{"line":91,"column":31}},"type":"binary-expr","locations":[{"start":{"line":91,"column":12},"end":{"line":91,"column":31}},{"start":{"line":91,"column":29},"end":{"line":91,"column":31}}]},"18":{"loc":{"start":{"line":91,"column":12},"end":{"line":91,"column":29}},"type":"cond-expr","locations":[{"start":{"line":91,"column":24},"end":{"line":91,"column":27}},{"start":{"line":91,"column":24},"end":{"line":91,"column":29}}]},"19":{"loc":{"start":{"line":91,"column":12},"end":{"line":91,"column":27}},"type":"binary-expr","locations":[{"start":{"line":91,"column":12},"end":{"line":91,"column":27}},{"start":{"line":91,"column":24},"end":{"line":91,"column":27}}]},"20":{"loc":{"start":{"line":91,"column":12},"end":{"line":91,"column":24}},"type":"cond-expr","locations":[{"start":{"line":91,"column":17},"end":{"line":91,"column":19}},{"start":{"line":91,"column":12},"end":{"line":91,"column":24}}]},"21":{"loc":{"start":{"line":91,"column":12},"end":{"line":91,"column":19}},"type":"binary-expr","locations":[{"start":{"line":91,"column":12},"end":{"line":91,"column":19}},{"start":{"line":91,"column":12},"end":{"line":91,"column":19}}]}},"s":{"0":1,"1":1,"2":1,"3":1,"4":5,"5":25,"6":5,"7":3,"8":3,"9":3,"10":3,"11":3,"12":5,"13":3,"14":3,"15":3,"16":3,"17":3,"18":5,"19":4,"20":4,"21":4,"22":4,"23":4,"24":4,"25":3,"26":3,"27":1,"28":4,"29":4,"30":4,"31":4,"32":4,"33":0,"34":5,"35":3,"36":3,"37":3,"38":3,"39":3,"40":0,"41":0,"42":0,"43":0,"44":3,"45":3,"46":3,"47":3,"48":3,"49":0,"50":1,"51":1,"52":1,"53":7,"54":7,"55":8,"56":6,"57":7,"58":1},"f":{"0":5,"1":25,"2":5,"3":3,"4":3,"5":3,"6":3,"7":3,"8":3,"9":4,"10":4,"11":4,"12":3,"13":3,"14":3,"15":1,"16":7,"17":8,"18":6},"b":{"0":[0,4],"1":[4,4],"2":[0,4],"3":[4,4],"4":[3,1],"5":[3,0],"6":[0,4],"7":[4,4],"8":[0,4],"9":[4,4],"10":[4],"11":[0,3],"12":[3,0],"13":[3,0],"14":[0,3],"15":[3,3],"16":[0,0],"17":[0,0],"18":[0,0],"19":[0,0],"20":[0,0],"21":[0,0]}}
,"/home/runner/work/GlacierJS/GlacierJS/packages/sw/src/lib/logger.ts": {"path":"/home/runner/work/GlacierJS/GlacierJS/packages/sw/src/lib/logger.ts","statementMap":{"0":{"start":{"line":1,"column":0},"end":{"line":1,"column":55}},"1":{"start":{"line":3,"column":13},"end":{"line":3,"column":59}}},"fnMap":{},"branchMap":{},"s":{"0":1,"1":1},"f":{},"b":{}}
,"/home/runner/work/GlacierJS/GlacierJS/packages/sw/src/type/index.ts": {"path":"/home/runner/work/GlacierJS/GlacierJS/packages/sw/src/type/index.ts","statementMap":{"0":{"start":{"line":1,"column":0},"end":{"line":1,"column":28}},"1":{"start":{"line":2,"column":0},"end":{"line":2,"column":28}}},"fnMap":{},"branchMap":{},"s":{"0":1,"1":1},"f":{},"b":{}}
,"/home/runner/work/GlacierJS/GlacierJS/packages/sw/src/type/lifecycle.ts": {"path":"/home/runner/work/GlacierJS/GlacierJS/packages/sw/src/type/lifecycle.ts","statementMap":{"0":{"start":{"line":1,"column":0},"end":{"line":1,"column":null}},"1":{"start":{"line":2,"column":2},"end":{"line":2,"column":null}},"2":{"start":{"line":3,"column":2},"end":{"line":3,"column":null}},"3":{"start":{"line":4,"column":2},"end":{"line":4,"column":null}},"4":{"start":{"line":5,"column":2},"end":{"line":5,"column":null}},"5":{"start":{"line":6,"column":2},"end":{"line":6,"column":null}}},"fnMap":{"0":{"name":"(anonymous_0)","decl":{"start":{"line":1,"column":0},"end":{"line":1,"column":12}},"loc":{"start":{"line":1,"column":21},"end":{"line":11,"column":1}}}},"branchMap":{"0":{"loc":{"start":{"line":1,"column":12},"end":{"line":1,"column":null}},"type":"binary-expr","locations":[{"start":{"line":1,"column":12},"end":{"line":1,"column":21}},{"start":{"line":1,"column":12},"end":{"line":1,"column":null}}]}},"s":{"0":1,"1":1,"2":1,"3":1,"4":1,"5":1},"f":{"0":1},"b":{"0":[1,1]}}
,"/home/runner/work/GlacierJS/GlacierJS/packages/sw/src/type/sw-plugin.ts": {"path":"/home/runner/work/GlacierJS/GlacierJS/packages/sw/src/type/sw-plugin.ts","statementMap":{"0":{"start":{"line":1,"column":0},"end":{"line":1,"column":40}}},"fnMap":{},"branchMap":{},"s":{"0":1},"f":{},"b":{}}
,"/home/runner/work/GlacierJS/GlacierJS/packages/window/src/index.ts": {"path":"/home/runner/work/GlacierJS/GlacierJS/packages/window/src/index.ts","statementMap":{"0":{"start":{"line":1,"column":0},"end":{"line":1,"column":37}},"1":{"start":{"line":2,"column":0},"end":{"line":2,"column":29}}},"fnMap":{},"branchMap":{},"s":{"0":1,"1":1},"f":{},"b":{}}
,"/home/runner/work/GlacierJS/GlacierJS/packages/window/src/lib/glacier-window.ts": {"path":"/home/runner/work/GlacierJS/GlacierJS/packages/window/src/lib/glacier-window.ts","statementMap":{"0":{"start":{"line":1,"column":0},"end":{"line":1,"column":41}},"1":{"start":{"line":2,"column":0},"end":{"line":2,"column":69}},"2":{"start":{"line":3,"column":0},"end":{"line":3,"column":34}},"3":{"start":{"line":4,"column":0},"end":{"line":4,"column":72}},"4":{"start":{"line":10,"column":4},"end":{"line":16,"column":6}},"5":{"start":{"line":11,"column":46},"end":{"line":11,"column":55}},"6":{"start":{"line":18,"column":4},"end":{"line":22,"column":null}},"7":{"start":{"line":19,"column":20},"end":{"line":19,"column":82}},"8":{"start":{"line":20,"column":6},"end":{"line":20,"column":34}},"9":{"start":{"line":21,"column":6},"end":{"line":21,"column":18}},"10":{"start":{"line":24,"column":4},"end":{"line":24,"column":59}},"11":{"start":{"line":28,"column":4},"end":{"line":35,"column":null}},"12":{"start":{"line":29,"column":24},"end":{"line":29,"column":43}},"13":{"start":{"line":30,"column":6},"end":{"line":30,"column":91}},"14":{"start":{"line":31,"column":6},"end":{"line":31,"column":50}},"15":{"start":{"line":33,"column":6},"end":{"line":33,"column":53}},"16":{"start":{"line":34,"column":6},"end":{"line":34,"column":18}},"17":{"start":{"line":39,"column":4},"end":{"line":48,"column":null}},"18":{"start":{"line":40,"column":6},"end":{"line":40,"column":52}},"19":{"start":{"line":41,"column":6},"end":{"line":41,"column":68}},"20":{"start":{"line":42,"column":24},"end":{"line":42,"column":43}},"21":{"start":{"line":43,"column":6},"end":{"line":43,"column":88}},"22":{"start":{"line":44,"column":6},"end":{"line":44,"column":56}},"23":{"start":{"line":46,"column":6},"end":{"line":46,"column":59}},"24":{"start":{"line":47,"column":6},"end":{"line":47,"column":18}},"25":{"start":{"line":52,"column":4},"end":{"line":52,"column":29}},"26":{"start":{"line":6,"column":0},"end":{"line":6,"column":13}}},"fnMap":{"0":{"name":"(anonymous_7)","decl":{"start":{"line":9,"column":2},"end":{"line":9,"column":14}},"loc":{"start":{"line":9,"column":62},"end":{"line":25,"column":3}}},"1":{"name":"(anonymous_8)","decl":{"start":{"line":11,"column":33},"end":{"line":11,"column":42}},"loc":{"start":{"line":11,"column":46},"end":{"line":11,"column":55}}},"2":{"name":"(anonymous_9)","decl":{"start":{"line":27,"column":15},"end":{"line":27,"column":23}},"loc":{"start":{"line":27,"column":50},"end":{"line":36,"column":null}}},"3":{"name":"(anonymous_11)","decl":{"start":{"line":38,"column":15},"end":{"line":38,"column":25}},"loc":{"start":{"line":38,"column":25},"end":{"line":49,"column":null}}},"4":{"name":"(anonymous_13)","decl":{"start":{"line":51,"column":10},"end":{"line":51,"column":22}},"loc":{"start":{"line":51,"column":22},"end":{"line":53,"column":3}}}},"branchMap":{"0":{"loc":{"start":{"line":9,"column":33},"end":{"line":9,"column":62}},"type":"default-arg","locations":[{"start":{"line":9,"column":60},"end":{"line":9,"column":62}}]},"1":{"loc":{"start":{"line":18,"column":4},"end":{"line":22,"column":null}},"type":"if","locations":[{"start":{"line":18,"column":4},"end":{"line":22,"column":null}}]},"2":{"loc":{"start":{"line":27,"column":24},"end":{"line":27,"column":50}},"type":"default-arg","locations":[{"start":{"line":27,"column":48},"end":{"line":27,"column":50}}]},"3":{"loc":{"start":{"line":27,"column":26},"end":{"line":27,"column":43}},"type":"default-arg","locations":[{"start":{"line":27,"column":38},"end":{"line":27,"column":43}}]}},"s":{"0":1,"1":1,"2":1,"3":1,"4":3,"5":6,"6":3,"7":0,"8":0,"9":0,"10":3,"11":3,"12":3,"13":3,"14":3,"15":1,"16":1,"17":2,"18":2,"19":2,"20":1,"21":1,"22":1,"23":1,"24":1,"25":4,"26":1},"f":{"0":3,"1":6,"2":3,"3":2,"4":4},"b":{"0":[3],"1":[0],"2":[3],"3":[3]}}
,"/home/runner/work/GlacierJS/GlacierJS/packages/window/src/lib/logger.ts": {"path":"/home/runner/work/GlacierJS/GlacierJS/packages/window/src/lib/logger.ts","statementMap":{"0":{"start":{"line":1,"column":0},"end":{"line":1,"column":55}},"1":{"start":{"line":3,"column":13},"end":{"line":3,"column":63}}},"fnMap":{},"branchMap":{},"s":{"0":1,"1":1},"f":{},"b":{}}
,"/home/runner/work/GlacierJS/GlacierJS/packages/window/src/type/index.ts": {"path":"/home/runner/work/GlacierJS/GlacierJS/packages/window/src/type/index.ts","statementMap":{"0":{"start":{"line":1,"column":0},"end":{"line":1,"column":28}},"1":{"start":{"line":2,"column":0},"end":{"line":2,"column":32}}},"fnMap":{},"branchMap":{},"s":{"0":1,"1":1},"f":{},"b":{}}
,"/home/runner/work/GlacierJS/GlacierJS/packages/window/src/type/lifecycle.ts": {"path":"/home/runner/work/GlacierJS/GlacierJS/packages/window/src/type/lifecycle.ts","statementMap":{"0":{"start":{"line":1,"column":0},"end":{"line":1,"column":null}},"1":{"start":{"line":2,"column":2},"end":{"line":2,"column":null}},"2":{"start":{"line":3,"column":2},"end":{"line":3,"column":null}}},"fnMap":{"0":{"name":"(anonymous_0)","decl":{"start":{"line":1,"column":0},"end":{"line":1,"column":12}},"loc":{"start":{"line":1,"column":21},"end":{"line":12,"column":1}}}},"branchMap":{"0":{"loc":{"start":{"line":1,"column":12},"end":{"line":1,"column":null}},"type":"binary-expr","locations":[{"start":{"line":1,"column":12},"end":{"line":1,"column":21}},{"start":{"line":1,"column":12},"end":{"line":1,"column":null}}]}},"s":{"0":1,"1":1,"2":1},"f":{"0":1},"b":{"0":[1,1]}}
,"/home/runner/work/GlacierJS/GlacierJS/packages/window/src/type/window-plugin.ts": {"path":"/home/runner/work/GlacierJS/GlacierJS/packages/window/src/type/window-plugin.ts","statementMap":{"0":{"start":{"line":3,"column":0},"end":{"line":3,"column":40}}},"fnMap":{},"branchMap":{},"s":{"0":1},"f":{},"b":{}}
}
