{"/home/runner/work/GlacierJS/GlacierJS/packages/core/src/index.ts": {"path":"/home/runner/work/GlacierJS/GlacierJS/packages/core/src/index.ts","statementMap":{"0":{"start":{"line":1,"column":0},"end":{"line":1,"column":29}},"1":{"start":{"line":2,"column":0},"end":{"line":2,"column":39}},"2":{"start":{"line":3,"column":0},"end":{"line":3,"column":9}},"3":{"start":{"line":3,"column":9},"end":{"line":3,"column":29}},"4":{"start":{"line":4,"column":0},"end":{"line":4,"column":29}},"5":{"start":{"line":5,"column":0},"end":{"line":5,"column":30}}},"fnMap":{"0":{"name":"(anonymous_4)","decl":{"start":{"line":3,"column":9},"end":{"line":3,"column":14}},"loc":{"start":{"line":3,"column":9},"end":{"line":3,"column":29}}}},"branchMap":{},"s":{"0":5,"1":5,"2":5,"3":6,"4":5,"5":5},"f":{"0":1},"b":{}}
,"/home/runner/work/GlacierJS/GlacierJS/packages/core/src/const/event-name.ts": {"path":"/home/runner/work/GlacierJS/GlacierJS/packages/core/src/const/event-name.ts","statementMap":{"0":{"start":{"line":1,"column":0},"end":{"line":1,"column":null}},"1":{"start":{"line":3,"column":2},"end":{"line":3,"column":null}}},"fnMap":{"0":{"name":"(anonymous_0)","decl":{"start":{"line":1,"column":0},"end":{"line":1,"column":12}},"loc":{"start":{"line":1,"column":22},"end":{"line":4,"column":1}}}},"branchMap":{"0":{"loc":{"start":{"line":1,"column":12},"end":{"line":1,"column":null}},"type":"binary-expr","locations":[{"start":{"line":1,"column":12},"end":{"line":1,"column":22}},{"start":{"line":1,"column":12},"end":{"line":1,"column":null}}]}},"s":{"0":5,"1":5},"f":{"0":5},"b":{"0":[5,5]}}
,"/home/runner/work/GlacierJS/GlacierJS/packages/core/src/const/index.ts": {"path":"/home/runner/work/GlacierJS/GlacierJS/packages/core/src/const/index.ts","statementMap":{"0":{"start":{"line":1,"column":0},"end":{"line":1,"column":29}}},"fnMap":{},"branchMap":{},"s":{"0":5},"f":{},"b":{}}
,"/home/runner/work/GlacierJS/GlacierJS/packages/core/src/lib/call-next-while-ignore.ts": {"path":"/home/runner/work/GlacierJS/GlacierJS/packages/core/src/lib/call-next-while-ignore.ts","statementMap":{"0":{"start":{"line":24,"column":35},"end":{"line":37,"column":1}},"1":{"start":{"line":25,"column":25},"end":{"line":34,"column":4}},"2":{"start":{"line":25,"column":45},"end":{"line":34,"column":4}},"3":{"start":{"line":26,"column":8},"end":{"line":26,"column":27}},"4":{"start":{"line":27,"column":19},"end":{"line":30,"column":null}},"5":{"start":{"line":28,"column":6},"end":{"line":28,"column":24}},"6":{"start":{"line":29,"column":6},"end":{"line":29,"column":20}},"7":{"start":{"line":27,"column":10},"end":{"line":30,"column":null}},"8":{"start":{"line":32,"column":8},"end":{"line":32,"column":18}},"9":{"start":{"line":32,"column":30},"end":{"line":32,"column":43}},"10":{"start":{"line":33,"column":4},"end":{"line":33,"column":18}},"11":{"start":{"line":36,"column":2},"end":{"line":36,"column":12}},"12":{"start":{"line":24,"column":13},"end":{"line":24,"column":35}}},"fnMap":{"0":{"name":"(anonymous_13)","decl":{"start":{"line":24,"column":35},"end":{"line":24,"column":36}},"loc":{"start":{"line":24,"column":58},"end":{"line":37,"column":1}}},"1":{"name":"(anonymous_14)","decl":{"start":{"line":25,"column":25},"end":{"line":25,"column":32}},"loc":{"start":{"line":25,"column":45},"end":{"line":34,"column":4}}},"2":{"name":"(anonymous_15)","decl":{"start":{"line":25,"column":45},"end":{"line":25,"column":null}},"loc":{"start":{"line":25,"column":45},"end":{"line":34,"column":4}}},"3":{"name":"(anonymous_17)","decl":{"start":{"line":27,"column":45},"end":{"line":27,"column":null}},"loc":{"start":{"line":27,"column":45},"end":{"line":30,"column":5}}}},"branchMap":{"0":{"loc":{"start":{"line":33,"column":4},"end":{"line":33,"column":18}},"type":"switch","locations":[{"start":{"line":33,"column":4},"end":{"line":33,"column":18}}]},"1":{"loc":{"start":{"line":32,"column":8},"end":{"line":32,"column":18}},"type":"if","locations":[{"start":{"line":32,"column":8},"end":{"line":32,"column":18}}]}},"s":{"0":6,"1":12,"2":5,"3":5,"4":5,"5":2,"6":2,"7":5,"8":7,"9":6,"10":5,"11":12,"12":6},"f":{"0":12,"1":5,"2":5,"3":2},"b":{"0":[5],"1":[2]}}
,"/home/runner/work/GlacierJS/GlacierJS/packages/core/src/lib/compose.ts": {"path":"/home/runner/work/GlacierJS/GlacierJS/packages/core/src/lib/compose.ts","statementMap":{"0":{"start":{"line":17,"column":2},"end":{"line":41,"column":4}},"1":{"start":{"line":19,"column":19},"end":{"line":19,"column":21}},"2":{"start":{"line":22,"column":4},"end":{"line":22,"column":23}},"3":{"start":{"line":25,"column":6},"end":{"line":27,"column":null}},"4":{"start":{"line":26,"column":8},"end":{"line":26,"column":73}},"5":{"start":{"line":28,"column":6},"end":{"line":28,"column":26}},"6":{"start":{"line":29,"column":15},"end":{"line":29,"column":35}},"7":{"start":{"line":32,"column":6},"end":{"line":32,"column":52}},"8":{"start":{"line":32,"column":42},"end":{"line":32,"column":52}},"9":{"start":{"line":33,"column":6},"end":{"line":33,"column":40}},"10":{"start":{"line":33,"column":15},"end":{"line":33,"column":40}},"11":{"start":{"line":34,"column":6},"end":{"line":39,"column":null}},"12":{"start":{"line":36,"column":8},"end":{"line":36,"column":79}},"13":{"start":{"line":38,"column":8},"end":{"line":38,"column":35}},"14":{"start":{"line":16,"column":0},"end":{"line":16,"column":16}},"15":{"start":{"line":44,"column":0},"end":{"line":44,"column":23}}},"fnMap":{"0":{"name":"compose","decl":{"start":{"line":16,"column":16},"end":{"line":16,"column":23}},"loc":{"start":{"line":16,"column":53},"end":{"line":42,"column":1}}},"1":{"name":"(anonymous_1)","decl":{"start":{"line":17,"column":9},"end":{"line":17,"column":19}},"loc":{"start":{"line":17,"column":32},"end":{"line":41,"column":3}}},"2":{"name":"dispatch","decl":{"start":{"line":24,"column":13},"end":{"line":24,"column":21}},"loc":{"start":{"line":24,"column":30},"end":{"line":40,"column":5}}}},"branchMap":{"0":{"loc":{"start":{"line":25,"column":6},"end":{"line":27,"column":null}},"type":"if","locations":[{"start":{"line":25,"column":6},"end":{"line":27,"column":null}}]},"1":{"loc":{"start":{"line":32,"column":6},"end":{"line":32,"column":52}},"type":"if","locations":[{"start":{"line":32,"column":6},"end":{"line":32,"column":52}}]},"2":{"loc":{"start":{"line":33,"column":6},"end":{"line":33,"column":40}},"type":"if","locations":[{"start":{"line":33,"column":6},"end":{"line":33,"column":40}}]}},"s":{"0":21,"1":21,"2":21,"3":54,"4":1,"5":53,"6":53,"7":53,"8":17,"9":53,"10":13,"11":40,"12":40,"13":2,"14":7,"15":7},"f":{"0":21,"1":21,"2":54},"b":{"0":[1],"1":[17],"2":[13]}}
,"/home/runner/work/GlacierJS/GlacierJS/packages/core/src/lib/logger.ts": {"path":"/home/runner/work/GlacierJS/GlacierJS/packages/core/src/lib/logger.ts","statementMap":{"0":{"start":{"line":7,"column":0},"end":{"line":7,"column":null}},"1":{"start":{"line":8,"column":2},"end":{"line":8,"column":null}},"2":{"start":{"line":9,"column":2},"end":{"line":9,"column":null}},"3":{"start":{"line":10,"column":2},"end":{"line":10,"column":null}},"4":{"start":{"line":11,"column":2},"end":{"line":11,"column":null}},"5":{"start":{"line":14,"column":20},"end":{"line":19,"column":2}},"6":{"start":{"line":45,"column":0},"end":{"line":45,"column":13}},"7":{"start":{"line":59,"column":14},"end":{"line":59,"column":null}},"8":{"start":{"line":60,"column":30},"end":{"line":60,"column":38}},"9":{"start":{"line":61,"column":4},"end":{"line":61,"column":37}},"10":{"start":{"line":61,"column":16},"end":{"line":61,"column":37}},"11":{"start":{"line":62,"column":4},"end":{"line":62,"column":34}},"12":{"start":{"line":62,"column":15},"end":{"line":62,"column":34}},"13":{"start":{"line":65,"column":9},"end":{"line":67,"column":null}},"14":{"start":{"line":65,"column":15},"end":{"line":65,"column":22}},"15":{"start":{"line":66,"column":4},"end":{"line":66,"column":32}},"16":{"start":{"line":69,"column":9},"end":{"line":71,"column":null}},"17":{"start":{"line":69,"column":14},"end":{"line":69,"column":21}},"18":{"start":{"line":70,"column":4},"end":{"line":70,"column":31}},"19":{"start":{"line":73,"column":9},"end":{"line":75,"column":null}},"20":{"start":{"line":73,"column":14},"end":{"line":73,"column":21}},"21":{"start":{"line":74,"column":4},"end":{"line":74,"column":31}},"22":{"start":{"line":77,"column":9},"end":{"line":79,"column":null}},"23":{"start":{"line":77,"column":15},"end":{"line":77,"column":22}},"24":{"start":{"line":78,"column":4},"end":{"line":78,"column":32}},"25":{"start":{"line":81,"column":9},"end":{"line":86,"column":null}},"26":{"start":{"line":81,"column":25},"end":{"line":81,"column":58}},"27":{"start":{"line":82,"column":4},"end":{"line":85,"column":7}},"28":{"start":{"line":88,"column":10},"end":{"line":95,"column":null}},"29":{"start":{"line":89,"column":4},"end":{"line":94,"column":null}},"30":{"start":{"line":90,"column":6},"end":{"line":90,"column":53}},"31":{"start":{"line":90,"column":22},"end":{"line":90,"column":53}},"32":{"start":{"line":91,"column":20},"end":{"line":91,"column":55}},"33":{"start":{"line":92,"column":21},"end":{"line":92,"column":48}},"34":{"start":{"line":93,"column":6},"end":{"line":93,"column":71}},"35":{"start":{"line":97,"column":10},"end":{"line":107,"column":null}},"36":{"start":{"line":98,"column":19},"end":{"line":104,"column":6}},"37":{"start":{"line":106,"column":4},"end":{"line":106,"column":50}},"38":{"start":{"line":46,"column":16},"end":{"line":46,"column":null}},"39":{"start":{"line":48,"column":17},"end":{"line":53,"column":null}},"40":{"start":{"line":108,"column":0},"end":{"line":108,"column":null}},"41":{"start":{"line":45,"column":13},"end":{"line":45,"column":19}},"42":{"start":{"line":115,"column":13},"end":{"line":115,"column":56}}},"fnMap":{"0":{"name":"(anonymous_1)","decl":{"start":{"line":7,"column":0},"end":{"line":7,"column":12}},"loc":{"start":{"line":7,"column":17},"end":{"line":12,"column":1}}},"1":{"name":"(anonymous_2)","decl":{"start":{"line":45,"column":0},"end":{"line":45,"column":13}},"loc":{"start":{"line":45,"column":0},"end":{"line":45,"column":13}}},"2":{"name":"Logger","decl":{"start":{"line":59,"column":2},"end":{"line":59,"column":14}},"loc":{"start":{"line":59,"column":35},"end":{"line":63,"column":3}}},"3":{"name":"(anonymous_4)","decl":{"start":{"line":65,"column":2},"end":{"line":65,"column":9}},"loc":{"start":{"line":65,"column":2},"end":{"line":67,"column":3}}},"4":{"name":"(anonymous_5)","decl":{"start":{"line":69,"column":2},"end":{"line":69,"column":9}},"loc":{"start":{"line":69,"column":2},"end":{"line":71,"column":3}}},"5":{"name":"(anonymous_6)","decl":{"start":{"line":73,"column":2},"end":{"line":73,"column":9}},"loc":{"start":{"line":73,"column":2},"end":{"line":75,"column":3}}},"6":{"name":"(anonymous_7)","decl":{"start":{"line":77,"column":2},"end":{"line":77,"column":9}},"loc":{"start":{"line":77,"column":2},"end":{"line":79,"column":3}}},"7":{"name":"(anonymous_8)","decl":{"start":{"line":81,"column":2},"end":{"line":81,"column":9}},"loc":{"start":{"line":81,"column":58},"end":{"line":86,"column":3}}},"8":{"name":"(anonymous_9)","decl":{"start":{"line":88,"column":2},"end":{"line":88,"column":10}},"loc":{"start":{"line":88,"column":39},"end":{"line":95,"column":3}}},"9":{"name":"(anonymous_10)","decl":{"start":{"line":97,"column":2},"end":{"line":97,"column":10}},"loc":{"start":{"line":97,"column":38},"end":{"line":107,"column":3}}}},"branchMap":{"0":{"loc":{"start":{"line":7,"column":12},"end":{"line":7,"column":null}},"type":"binary-expr","locations":[{"start":{"line":7,"column":12},"end":{"line":7,"column":17}},{"start":{"line":7,"column":12},"end":{"line":7,"column":null}}]},"1":{"loc":{"start":{"line":59,"column":14},"end":{"line":59,"column":null}},"type":"if","locations":[{"start":{"line":59,"column":14},"end":{"line":59,"column":null}}]},"2":{"loc":{"start":{"line":61,"column":4},"end":{"line":61,"column":37}},"type":"if","locations":[{"start":{"line":61,"column":4},"end":{"line":61,"column":37}}]},"3":{"loc":{"start":{"line":62,"column":4},"end":{"line":62,"column":34}},"type":"if","locations":[{"start":{"line":62,"column":4},"end":{"line":62,"column":34}}]},"4":{"loc":{"start":{"line":89,"column":4},"end":{"line":94,"column":null}},"type":"if","locations":[{"start":{"line":89,"column":4},"end":{"line":94,"column":null}}]},"5":{"loc":{"start":{"line":90,"column":6},"end":{"line":90,"column":53}},"type":"if","locations":[{"start":{"line":90,"column":6},"end":{"line":90,"column":53}}]}},"s":{"0":6,"1":6,"2":6,"3":6,"4":6,"5":6,"6":6,"7":11,"8":22,"9":11,"10":11,"11":11,"12":0,"13":6,"14":0,"15":0,"16":6,"17":0,"18":0,"19":6,"20":12,"21":4,"22":6,"23":99,"24":24,"25":6,"26":2,"27":2,"28":6,"29":28,"30":28,"31":0,"32":28,"33":28,"34":28,"35":6,"36":28,"37":28,"38":6,"39":6,"40":6,"41":6,"42":6},"f":{"0":6,"1":6,"2":11,"3":0,"4":0,"5":4,"6":24,"7":2,"8":28,"9":28},"b":{"0":[6,6],"1":[0],"2":[11],"3":[0],"4":[28],"5":[0]}}
,"/home/runner/work/GlacierJS/GlacierJS/packages/core/src/lib/middleware-queue.ts": {"path":"/home/runner/work/GlacierJS/GlacierJS/packages/core/src/lib/middleware-queue.ts","statementMap":{"0":{"start":{"line":1,"column":0},"end":{"line":1,"column":34}},"1":{"start":{"line":2,"column":0},"end":{"line":2,"column":36}},"2":{"start":{"line":4,"column":0},"end":{"line":4,"column":63}},"3":{"start":{"line":6,"column":0},"end":{"line":6,"column":13}},"4":{"start":{"line":7,"column":10},"end":{"line":7,"column":29}},"5":{"start":{"line":8,"column":10},"end":{"line":8,"column":40}},"6":{"start":{"line":11,"column":4},"end":{"line":11,"column":31}},"7":{"start":{"line":11,"column":14},"end":{"line":11,"column":31}},"8":{"start":{"line":14,"column":9},"end":{"line":22,"column":null}},"9":{"start":{"line":15,"column":4},"end":{"line":19,"column":6}},"10":{"start":{"line":21,"column":4},"end":{"line":21,"column":53}},"11":{"start":{"line":24,"column":15},"end":{"line":30,"column":null}},"12":{"start":{"line":24,"column":22},"end":{"line":24,"column":null}},"13":{"start":{"line":25,"column":4},"end":{"line":28,"column":6}},"14":{"start":{"line":29,"column":4},"end":{"line":29,"column":40}},"15":{"start":{"line":31,"column":0},"end":{"line":31,"column":null}},"16":{"start":{"line":6,"column":13},"end":{"line":6,"column":28}}},"fnMap":{"0":{"name":"(anonymous_13)","decl":{"start":{"line":6,"column":0},"end":{"line":6,"column":13}},"loc":{"start":{"line":6,"column":0},"end":{"line":31,"column":null}}},"1":{"name":"MiddlewareQueue","decl":{"start":{"line":10,"column":2},"end":{"line":10,"column":14}},"loc":{"start":{"line":10,"column":18},"end":{"line":12,"column":3}}},"2":{"name":"(anonymous_15)","decl":{"start":{"line":14,"column":2},"end":{"line":14,"column":9}},"loc":{"start":{"line":14,"column":36},"end":{"line":22,"column":3}}},"3":{"name":"(anonymous_16)","decl":{"start":{"line":24,"column":2},"end":{"line":24,"column":15}},"loc":{"start":{"line":24,"column":34},"end":{"line":30,"column":null}}}},"branchMap":{"0":{"loc":{"start":{"line":11,"column":4},"end":{"line":11,"column":31}},"type":"if","locations":[{"start":{"line":11,"column":4},"end":{"line":11,"column":31}}]},"1":{"loc":{"start":{"line":24,"column":22},"end":{"line":24,"column":null}},"type":"if","locations":[{"start":{"line":24,"column":22},"end":{"line":24,"column":null}}]}},"s":{"0":6,"1":6,"2":6,"3":6,"4":10,"5":10,"6":10,"7":10,"8":6,"9":12,"10":12,"11":6,"12":4,"13":3,"14":3,"15":6,"16":6},"f":{"0":6,"1":10,"2":12,"3":3},"b":{"0":[10],"1":[1]}}
,"/home/runner/work/GlacierJS/GlacierJS/packages/package-template/src/lib/hello-world.ts": {"path":"/home/runner/work/GlacierJS/GlacierJS/packages/package-template/src/lib/hello-world.ts","statementMap":{"0":{"start":{"line":2,"column":2},"end":{"line":2,"column":32}},"1":{"start":{"line":1,"column":0},"end":{"line":1,"column":24}}},"fnMap":{"0":{"name":"HelloWorld","decl":{"start":{"line":1,"column":24},"end":{"line":1,"column":34}},"loc":{"start":{"line":1,"column":39},"end":{"line":3,"column":1}}}},"branchMap":{},"s":{"0":1,"1":1},"f":{"0":1},"b":{}}
,"/home/runner/work/GlacierJS/GlacierJS/packages/plugin-collector/src/lib/constants.ts": {"path":"/home/runner/work/GlacierJS/GlacierJS/packages/plugin-collector/src/lib/constants.ts","statementMap":{"0":{"start":{"line":1,"column":13},"end":{"line":1,"column":57}},"1":{"start":{"line":2,"column":13},"end":{"line":2,"column":54}}},"fnMap":{},"branchMap":{},"s":{"0":1,"1":1},"f":{},"b":{}}
,"/home/runner/work/GlacierJS/GlacierJS/packages/plugin-collector/src/lib/logger.ts": {"path":"/home/runner/work/GlacierJS/GlacierJS/packages/plugin-collector/src/lib/logger.ts","statementMap":{"0":{"start":{"line":1,"column":0},"end":{"line":1,"column":41}},"1":{"start":{"line":2,"column":0},"end":{"line":2,"column":42}},"2":{"start":{"line":4,"column":13},"end":{"line":4,"column":58}}},"fnMap":{},"branchMap":{},"s":{"0":1,"1":1,"2":1},"f":{},"b":{}}
,"/home/runner/work/GlacierJS/GlacierJS/packages/plugin-precache/src/lib/constants.ts": {"path":"/home/runner/work/GlacierJS/GlacierJS/packages/plugin-precache/src/lib/constants.ts","statementMap":{"0":{"start":{"line":1,"column":13},"end":{"line":1,"column":56}}},"fnMap":{},"branchMap":{},"s":{"0":1},"f":{},"b":{}}
,"/home/runner/work/GlacierJS/GlacierJS/packages/plugin-precache/src/lib/logger.ts": {"path":"/home/runner/work/GlacierJS/GlacierJS/packages/plugin-precache/src/lib/logger.ts","statementMap":{"0":{"start":{"line":1,"column":0},"end":{"line":1,"column":41}},"1":{"start":{"line":2,"column":0},"end":{"line":2,"column":43}},"2":{"start":{"line":4,"column":13},"end":{"line":4,"column":58}}},"fnMap":{},"branchMap":{},"s":{"0":1,"1":1,"2":1},"f":{},"b":{}}
,"/home/runner/work/GlacierJS/GlacierJS/packages/plugin-remote-controller/src/lib/constants.ts": {"path":"/home/runner/work/GlacierJS/GlacierJS/packages/plugin-remote-controller/src/lib/constants.ts","statementMap":{"0":{"start":{"line":1,"column":13},"end":{"line":1,"column":65}}},"fnMap":{},"branchMap":{},"s":{"0":1},"f":{},"b":{}}
,"/home/runner/work/GlacierJS/GlacierJS/packages/plugin-remote-controller/src/lib/logger.ts": {"path":"/home/runner/work/GlacierJS/GlacierJS/packages/plugin-remote-controller/src/lib/logger.ts","statementMap":{"0":{"start":{"line":1,"column":0},"end":{"line":1,"column":41}},"1":{"start":{"line":2,"column":0},"end":{"line":2,"column":42}},"2":{"start":{"line":4,"column":13},"end":{"line":4,"column":58}}},"fnMap":{},"branchMap":{},"s":{"0":1,"1":1,"2":1},"f":{},"b":{}}
,"/home/runner/work/GlacierJS/GlacierJS/packages/sw/src/lib/logger.ts": {"path":"/home/runner/work/GlacierJS/GlacierJS/packages/sw/src/lib/logger.ts","statementMap":{"0":{"start":{"line":1,"column":0},"end":{"line":1,"column":55}},"1":{"start":{"line":3,"column":13},"end":{"line":3,"column":59}}},"fnMap":{},"branchMap":{},"s":{"0":1,"1":1},"f":{},"b":{}}
,"/home/runner/work/GlacierJS/GlacierJS/packages/window/src/index.ts": {"path":"/home/runner/work/GlacierJS/GlacierJS/packages/window/src/index.ts","statementMap":{"0":{"start":{"line":1,"column":0},"end":{"line":1,"column":37}},"1":{"start":{"line":2,"column":0},"end":{"line":2,"column":29}},"2":{"start":{"line":3,"column":0},"end":{"line":3,"column":29}}},"fnMap":{},"branchMap":{},"s":{"0":1,"1":1,"2":1},"f":{},"b":{}}
,"/home/runner/work/GlacierJS/GlacierJS/packages/window/src/lib/glacier-window.ts": {"path":"/home/runner/work/GlacierJS/GlacierJS/packages/window/src/lib/glacier-window.ts","statementMap":{"0":{"start":{"line":1,"column":0},"end":{"line":1,"column":41}},"1":{"start":{"line":2,"column":0},"end":{"line":2,"column":62}},"2":{"start":{"line":3,"column":0},"end":{"line":3,"column":34}},"3":{"start":{"line":4,"column":0},"end":{"line":4,"column":56}},"4":{"start":{"line":6,"column":0},"end":{"line":6,"column":13}},"5":{"start":{"line":11,"column":2},"end":{"line":11,"column":14}},"6":{"start":{"line":11,"column":33},"end":{"line":11,"column":null}},"7":{"start":{"line":7,"column":9},"end":{"line":7,"column":52}},"8":{"start":{"line":8,"column":10},"end":{"line":8,"column":75}},"9":{"start":{"line":12,"column":4},"end":{"line":18,"column":null}},"10":{"start":{"line":13,"column":20},"end":{"line":14,"column":null}},"11":{"start":{"line":16,"column":6},"end":{"line":16,"column":34}},"12":{"start":{"line":17,"column":6},"end":{"line":17,"column":18}},"13":{"start":{"line":20,"column":4},"end":{"line":20,"column":59}},"14":{"start":{"line":22,"column":4},"end":{"line":24,"column":7}},"15":{"start":{"line":23,"column":6},"end":{"line":23,"column":70}},"16":{"start":{"line":27,"column":15},"end":{"line":35,"column":null}},"17":{"start":{"line":27,"column":24},"end":{"line":27,"column":null}},"18":{"start":{"line":27,"column":26},"end":{"line":27,"column":35}},"19":{"start":{"line":27,"column":35},"end":{"line":27,"column":48}},"20":{"start":{"line":29,"column":6},"end":{"line":29,"column":56}},"21":{"start":{"line":30,"column":6},"end":{"line":30,"column":50}},"22":{"start":{"line":32,"column":6},"end":{"line":32,"column":53}},"23":{"start":{"line":33,"column":6},"end":{"line":33,"column":18}},"24":{"start":{"line":37,"column":15},"end":{"line":45,"column":null}},"25":{"start":{"line":39,"column":6},"end":{"line":39,"column":52}},"26":{"start":{"line":40,"column":6},"end":{"line":40,"column":68}},"27":{"start":{"line":41,"column":6},"end":{"line":41,"column":56}},"28":{"start":{"line":43,"column":6},"end":{"line":43,"column":59}},"29":{"start":{"line":47,"column":9},"end":{"line":72,"column":null}},"30":{"start":{"line":47,"column":2},"end":{"line":47,"column":9}},"31":{"start":{"line":50,"column":21},"end":{"line":50,"column":28}},"32":{"start":{"line":51,"column":4},"end":{"line":57,"column":null}},"33":{"start":{"line":52,"column":6},"end":{"line":56,"column":null}},"34":{"start":{"line":53,"column":8},"end":{"line":53,"column":85}},"35":{"start":{"line":55,"column":8},"end":{"line":55,"column":36}},"36":{"start":{"line":60,"column":4},"end":{"line":60,"column":61}},"37":{"start":{"line":61,"column":4},"end":{"line":61,"column":63}},"38":{"start":{"line":64,"column":4},"end":{"line":70,"column":null}},"39":{"start":{"line":65,"column":22},"end":{"line":65,"column":39}},"40":{"start":{"line":66,"column":6},"end":{"line":66,"column":66}},"41":{"start":{"line":67,"column":6},"end":{"line":69,"column":8}},"42":{"start":{"line":73,"column":0},"end":{"line":73,"column":null}},"43":{"start":{"line":6,"column":13},"end":{"line":6,"column":26}}},"fnMap":{"0":{"name":"(anonymous_13)","decl":{"start":{"line":6,"column":0},"end":{"line":6,"column":13}},"loc":{"start":{"line":6,"column":0},"end":{"line":73,"column":null}}},"1":{"name":"GlacierWindow","decl":{"start":{"line":11,"column":2},"end":{"line":11,"column":14}},"loc":{"start":{"line":11,"column":62},"end":{"line":25,"column":3}}},"2":{"name":"(anonymous_15)","decl":{"start":{"line":22,"column":35},"end":{"line":22,"column":44}},"loc":{"start":{"line":22,"column":44},"end":{"line":24,"column":5}}},"3":{"name":"(anonymous_16)","decl":{"start":{"line":27,"column":2},"end":{"line":27,"column":15}},"loc":{"start":{"line":27,"column":50},"end":{"line":35,"column":null}}},"4":{"name":"(anonymous_19)","decl":{"start":{"line":37,"column":2},"end":{"line":37,"column":15}},"loc":{"start":{"line":37,"column":2},"end":{"line":45,"column":null}}},"5":{"name":"(anonymous_22)","decl":{"start":{"line":47,"column":2},"end":{"line":47,"column":9}},"loc":{"start":{"line":47,"column":33},"end":{"line":72,"column":3}}},"6":{"name":"(anonymous_23)","decl":{"start":{"line":64,"column":35},"end":{"line":64,"column":44}},"loc":{"start":{"line":64,"column":44},"end":{"line":70,"column":5}}}},"branchMap":{"0":{"loc":{"start":{"line":11,"column":33},"end":{"line":11,"column":null}},"type":"if","locations":[{"start":{"line":11,"column":33},"end":{"line":11,"column":null}}]},"1":{"loc":{"start":{"line":12,"column":4},"end":{"line":18,"column":null}},"type":"if","locations":[{"start":{"line":12,"column":4},"end":{"line":18,"column":null}}]},"2":{"loc":{"start":{"line":27,"column":24},"end":{"line":27,"column":null}},"type":"cond-expr","locations":[{"start":{"line":27,"column":48},"end":{"line":27,"column":50}},{"start":{"line":27,"column":50},"end":{"line":27,"column":null}}]},"3":{"loc":{"start":{"line":27,"column":35},"end":{"line":27,"column":48}},"type":"cond-expr","locations":[{"start":{"line":27,"column":38},"end":{"line":27,"column":43}},{"start":{"line":27,"column":43},"end":{"line":27,"column":48}}]},"4":{"loc":{"start":{"line":51,"column":4},"end":{"line":57,"column":null}},"type":"if","locations":[{"start":{"line":51,"column":4},"end":{"line":57,"column":null}}]},"5":{"loc":{"start":{"line":52,"column":6},"end":{"line":56,"column":null}},"type":"if","locations":[{"start":{"line":52,"column":6},"end":{"line":56,"column":null}},{"start":{"line":54,"column":13},"end":{"line":56,"column":null}}]},"6":{"loc":{"start":{"line":60,"column":4},"end":{"line":60,"column":60}},"type":"cond-expr","locations":[{"start":{"line":60,"column":16},"end":{"line":60,"column":19}},{"start":{"line":60,"column":16},"end":{"line":60,"column":60}}]},"7":{"loc":{"start":{"line":60,"column":4},"end":{"line":60,"column":19}},"type":"binary-expr","locations":[{"start":{"line":60,"column":4},"end":{"line":60,"column":19}},{"start":{"line":60,"column":16},"end":{"line":60,"column":19}}]},"8":{"loc":{"start":{"line":66,"column":6},"end":{"line":66,"column":65}},"type":"cond-expr","locations":[{"start":{"line":66,"column":36},"end":{"line":66,"column":38}},{"start":{"line":66,"column":36},"end":{"line":66,"column":65}}]},"9":{"loc":{"start":{"line":66,"column":6},"end":{"line":66,"column":38}},"type":"binary-expr","locations":[{"start":{"line":66,"column":6},"end":{"line":66,"column":38}},{"start":{"line":66,"column":36},"end":{"line":66,"column":38}}]},"10":{"loc":{"start":{"line":66,"column":43},"end":{"line":66,"column":64}},"type":"cond-expr","locations":[{"start":{"line":66,"column":50},"end":{"line":66,"column":52}},{"start":{"line":66,"column":43},"end":{"line":66,"column":64}}]},"11":{"loc":{"start":{"line":66,"column":43},"end":{"line":66,"column":52}},"type":"binary-expr","locations":[{"start":{"line":66,"column":43},"end":{"line":66,"column":52}},{"start":{"line":66,"column":43},"end":{"line":66,"column":52}}]}},"s":{"0":1,"1":1,"2":1,"3":1,"4":1,"5":1,"6":2,"7":1,"8":1,"9":1,"10":0,"11":0,"12":0,"13":1,"14":1,"15":8,"16":1,"17":1,"18":1,"19":1,"20":2,"21":1,"22":0,"23":0,"24":1,"25":0,"26":0,"27":0,"28":0,"29":1,"30":1,"31":1,"32":1,"33":1,"34":0,"35":1,"36":1,"37":1,"38":1,"39":8,"40":8,"41":8,"42":1,"43":1},"f":{"0":1,"1":1,"2":8,"3":1,"4":0,"5":1,"6":8},"b":{"0":[1],"1":[0],"2":[1,0],"3":[1,0],"4":[1],"5":[0,1],"6":[0,1],"7":[1,1],"8":[0,8],"9":[8,8],"10":[7,1],"11":[8,8]}}
,"/home/runner/work/GlacierJS/GlacierJS/packages/window/src/lib/logger.ts": {"path":"/home/runner/work/GlacierJS/GlacierJS/packages/window/src/lib/logger.ts","statementMap":{"0":{"start":{"line":1,"column":0},"end":{"line":1,"column":55}},"1":{"start":{"line":3,"column":13},"end":{"line":3,"column":63}}},"fnMap":{},"branchMap":{},"s":{"0":1,"1":1},"f":{},"b":{}}
,"/home/runner/work/GlacierJS/GlacierJS/packages/window/src/type/index.ts": {"path":"/home/runner/work/GlacierJS/GlacierJS/packages/window/src/type/index.ts","statementMap":{"0":{"start":{"line":1,"column":0},"end":{"line":1,"column":28}},"1":{"start":{"line":2,"column":0},"end":{"line":2,"column":32}}},"fnMap":{},"branchMap":{},"s":{"0":1,"1":1},"f":{},"b":{}}
,"/home/runner/work/GlacierJS/GlacierJS/packages/window/src/type/lifecycle.ts": {"path":"/home/runner/work/GlacierJS/GlacierJS/packages/window/src/type/lifecycle.ts","statementMap":{"0":{"start":{"line":1,"column":0},"end":{"line":1,"column":null}},"1":{"start":{"line":2,"column":2},"end":{"line":2,"column":null}},"2":{"start":{"line":3,"column":2},"end":{"line":3,"column":null}},"3":{"start":{"line":4,"column":2},"end":{"line":4,"column":null}},"4":{"start":{"line":5,"column":2},"end":{"line":5,"column":null}},"5":{"start":{"line":6,"column":2},"end":{"line":6,"column":null}},"6":{"start":{"line":7,"column":2},"end":{"line":7,"column":null}},"7":{"start":{"line":8,"column":2},"end":{"line":8,"column":null}},"8":{"start":{"line":9,"column":2},"end":{"line":9,"column":null}}},"fnMap":{"0":{"name":"(anonymous_0)","decl":{"start":{"line":1,"column":0},"end":{"line":1,"column":12}},"loc":{"start":{"line":1,"column":21},"end":{"line":10,"column":1}}}},"branchMap":{"0":{"loc":{"start":{"line":1,"column":12},"end":{"line":1,"column":null}},"type":"binary-expr","locations":[{"start":{"line":1,"column":12},"end":{"line":1,"column":21}},{"start":{"line":1,"column":12},"end":{"line":1,"column":null}}]}},"s":{"0":1,"1":1,"2":1,"3":1,"4":1,"5":1,"6":1,"7":1,"8":1},"f":{"0":1},"b":{"0":[1,1]}}
,"/home/runner/work/GlacierJS/GlacierJS/packages/window/src/type/window-plugin.ts": {"path":"/home/runner/work/GlacierJS/GlacierJS/packages/window/src/type/window-plugin.ts","statementMap":{"0":{"start":{"line":3,"column":0},"end":{"line":3,"column":40}}},"fnMap":{},"branchMap":{},"s":{"0":1},"f":{},"b":{}}
}
