TN:
SF:packages/core/src/index.ts
FN:3,(anonymous_4)
FNF:1
FNH:1
FNDA:1,(anonymous_4)
DA:1,3
DA:2,3
DA:3,4
DA:4,3
DA:5,3
LF:5
LH:5
BRF:0
BRH:0
end_of_record
TN:
SF:packages/core/src/const/event-name.ts
FN:1,(anonymous_0)
FNF:1
FNH:1
FNDA:3,(anonymous_0)
DA:1,3
DA:3,3
LF:2
LH:2
BRDA:1,0,0,3
BRDA:1,0,1,3
BRF:2
BRH:2
end_of_record
TN:
SF:packages/core/src/const/index.ts
FNF:0
FNH:0
DA:1,3
LF:1
LH:1
BRF:0
BRH:0
end_of_record
TN:
SF:packages/core/src/lib/call-next-while-ignore.ts
FN:3,(anonymous_13)
FN:4,(anonymous_14)
FN:4,(anonymous_15)
FN:6,(anonymous_17)
FNF:4
FNH:4
FNDA:5,(anonymous_13)
FNDA:5,(anonymous_14)
FNDA:5,(anonymous_15)
FNDA:2,(anonymous_17)
DA:3,4
DA:4,5
DA:5,5
DA:6,5
DA:7,2
DA:8,2
DA:11,7
DA:12,5
DA:15,5
DA:18,4
LF:10
LH:10
BRDA:12,0,0,5
BRDA:11,1,0,2
BRF:2
BRH:2
end_of_record
TN:
SF:packages/core/src/lib/compose.ts
FN:12,compose
FN:13,(anonymous_1)
FN:17,dispatch
FNF:3
FNH:3
FNDA:21,compose
FNDA:21,(anonymous_1)
FNDA:54,dispatch
DA:12,5
DA:13,21
DA:15,21
DA:16,21
DA:18,54
DA:19,1
DA:21,53
DA:22,53
DA:23,53
DA:24,53
DA:25,40
DA:26,40
DA:28,2
DA:34,5
LF:14
LH:14
BRDA:18,0,0,1
BRDA:23,1,0,17
BRDA:24,2,0,13
BRF:3
BRH:3
end_of_record
TN:
SF:packages/core/src/lib/logger.ts
FN:1,(anonymous_1)
FN:15,(anonymous_2)
FN:27,Logger
FN:44,(anonymous_4)
FN:48,(anonymous_5)
FN:52,(anonymous_6)
FN:56,(anonymous_7)
FN:60,(anonymous_8)
FN:74,(anonymous_9)
FN:86,(anonymous_10)
FNF:10
FNH:8
FNDA:4,(anonymous_1)
FNDA:4,(anonymous_2)
FNDA:7,Logger
FNDA:0,(anonymous_4)
FNDA:0,(anonymous_5)
FNDA:2,(anonymous_6)
FNDA:10,(anonymous_7)
FNDA:12,(anonymous_8)
FNDA:10,(anonymous_9)
FNDA:10,(anonymous_10)
DA:1,4
DA:2,4
DA:3,4
DA:4,4
DA:5,4
DA:8,4
DA:15,4
DA:16,7
DA:17,7
DA:27,7
DA:28,7
DA:29,7
DA:30,7
DA:31,7
DA:38,7
DA:39,7
DA:40,7
DA:41,7
DA:44,4
DA:45,0
DA:48,4
DA:49,0
DA:52,6
DA:53,2
DA:56,43
DA:57,10
DA:60,4
DA:61,12
DA:62,10
DA:67,10
DA:69,10
DA:70,10
DA:74,4
DA:75,10
DA:83,10
DA:86,4
DA:87,10
DA:92,10
DA:94,4
DA:96,4
LF:40
LH:38
BRDA:1,0,0,4
BRDA:1,0,1,4
BRDA:27,1,0,0
BRDA:27,1,1,7
BRDA:38,2,0,7
BRDA:39,3,0,0
BRDA:40,4,0,0
BRDA:41,5,0,0
BRDA:61,6,0,10
BRDA:67,7,0,0
BRF:10
BRH:5
end_of_record
TN:
SF:packages/core/src/lib/middleware-queue.ts
FN:5,(anonymous_14)
FN:9,MiddlewareQueue
FN:13,(anonymous_16)
FN:23,(anonymous_17)
FNF:4
FNH:4
FNDA:4,(anonymous_14)
FNDA:10,MiddlewareQueue
FNDA:5,(anonymous_16)
FNDA:3,(anonymous_17)
DA:1,4
DA:2,4
DA:4,4
DA:5,4
DA:6,10
DA:7,10
DA:10,10
DA:13,4
DA:14,5
DA:20,5
DA:23,4
DA:24,3
DA:28,3
DA:30,4
LF:14
LH:14
BRDA:10,0,0,10
BRDA:23,1,0,1
BRF:2
BRH:2
end_of_record
TN:
SF:packages/package-template/src/lib/hello-world.ts
FN:1,HelloWorld
FNF:1
FNH:1
FNDA:1,HelloWorld
DA:1,1
DA:2,1
LF:2
LH:2
BRF:0
BRH:0
end_of_record
TN:
SF:packages/plugin-precache/src/lib/logger.ts
FNF:0
FNH:0
DA:1,1
DA:3,1
LF:2
LH:2
BRF:0
BRH:0
end_of_record
TN:
SF:packages/sw/src/lib/logger.ts
FNF:0
FNH:0
DA:1,1
DA:3,1
LF:2
LH:2
BRF:0
BRH:0
end_of_record
TN:
SF:packages/window/src/index.ts
FNF:0
FNH:0
DA:1,1
DA:2,1
DA:3,1
LF:3
LH:3
BRF:0
BRH:0
end_of_record
TN:
SF:packages/window/src/lib/glacier-window.ts
FN:5,(anonymous_13)
FN:9,GlacierWindow
FN:27,(anonymous_15)
FN:41,(anonymous_18)
FN:52,(anonymous_21)
FNF:5
FNH:4
FNDA:1,(anonymous_13)
FNDA:1,GlacierWindow
FNDA:1,(anonymous_15)
FNDA:0,(anonymous_18)
FNDA:1,(anonymous_21)
DA:1,1
DA:2,1
DA:3,1
DA:4,1
DA:5,1
DA:6,1
DA:9,2
DA:10,1
DA:11,0
DA:14,0
DA:15,0
DA:18,1
DA:21,1
DA:22,8
DA:27,1
DA:30,2
DA:33,1
DA:35,0
DA:36,0
DA:41,1
DA:43,0
DA:44,0
DA:45,0
DA:47,0
DA:52,1
DA:54,1
DA:56,1
DA:59,1
DA:60,8
DA:61,8
DA:63,1
DA:64,1
DA:69,1
LF:33
LH:24
BRDA:9,0,0,1
BRDA:10,1,0,0
BRDA:27,2,0,1
BRDA:27,2,1,0
BRDA:27,3,0,1
BRDA:27,3,1,0
BRDA:54,4,0,0
BRDA:54,4,1,1
BRDA:54,5,0,1
BRDA:54,5,1,1
BRDA:61,6,0,7
BRDA:63,7,0,0
BRDA:63,7,1,1
BRDA:63,8,0,1
BRDA:63,8,1,1
BRF:15
BRH:10
end_of_record
TN:
SF:packages/window/src/lib/logger.ts
FNF:0
FNH:0
DA:1,1
DA:3,1
LF:2
LH:2
BRF:0
BRH:0
end_of_record
TN:
SF:packages/window/src/type/index.ts
FNF:0
FNH:0
DA:1,1
DA:2,1
LF:2
LH:2
BRF:0
BRH:0
end_of_record
TN:
SF:packages/window/src/type/lifecycle.ts
FN:1,(anonymous_0)
FNF:1
FNH:1
FNDA:1,(anonymous_0)
DA:1,1
DA:2,1
DA:3,1
DA:4,1
DA:5,1
DA:6,1
DA:7,1
DA:8,1
DA:9,1
LF:9
LH:9
BRDA:1,0,0,1
BRDA:1,0,1,1
BRF:2
BRH:2
end_of_record
TN:
SF:packages/window/src/type/window-plugin.ts
FNF:0
FNH:0
DA:3,1
LF:1
LH:1
BRF:0
BRH:0
end_of_record
