TN:
SF:packages/core/src/index.ts
FN:4,(anonymous_4)
FNF:1
FNH:1
FNDA:1,(anonymous_4)
DA:1,2
DA:2,2
DA:3,2
DA:4,3
DA:5,2
DA:6,2
LF:6
LH:6
BRF:0
BRH:0
end_of_record
TN:
SF:packages/core/src/const/event-name.ts
FN:1,(anonymous_0)
FNF:1
FNH:1
FNDA:2,(anonymous_0)
DA:1,2
DA:3,2
LF:2
LH:2
BRDA:1,0,0,2
BRDA:1,0,1,2
BRF:2
BRH:2
end_of_record
TN:
SF:packages/core/src/const/index.ts
FNF:0
FNH:0
DA:1,2
LF:1
LH:1
BRF:0
BRH:0
end_of_record
TN:
SF:packages/core/src/lib/compose.ts
FN:7,compose
FN:8,(anonymous_1)
FN:15,dispatch
FNF:3
FNH:3
FNDA:51,compose
FNDA:51,(anonymous_1)
FNDA:137,dispatch
DA:7,5
DA:8,51
DA:10,51
DA:13,51
DA:16,137
DA:17,1
DA:19,136
DA:20,136
DA:23,136
DA:24,136
DA:25,93
DA:27,93
DA:29,2
LF:13
LH:13
BRDA:16,0,0,1
BRDA:23,1,0,47
BRDA:24,2,0,43
BRF:3
BRH:3
end_of_record
TN:
SF:packages/core/src/lib/logger.ts
FN:7,(anonymous_0)
FN:59,(anonymous_1)
FN:65,(anonymous_2)
FN:69,(anonymous_3)
FN:73,(anonymous_4)
FN:77,(anonymous_5)
FN:81,(anonymous_6)
FN:88,(anonymous_7)
FN:97,(anonymous_8)
FNF:9
FNH:7
FNDA:4,(anonymous_0)
FNDA:6,(anonymous_1)
FNDA:2,(anonymous_2)
FNDA:0,(anonymous_3)
FNDA:0,(anonymous_4)
FNDA:282,(anonymous_5)
FNDA:2,(anonymous_6)
FNDA:284,(anonymous_7)
FNDA:11,(anonymous_8)
DA:7,4
DA:8,4
DA:9,4
DA:10,4
DA:11,4
DA:14,4
DA:45,4
DA:46,4
DA:48,4
DA:60,6
DA:61,6
DA:62,6
DA:66,2
DA:70,0
DA:74,0
DA:78,282
DA:82,2
DA:89,284
DA:90,11
DA:91,11
DA:92,11
DA:93,11
DA:98,11
DA:106,11
DA:115,4
LF:25
LH:23
BRDA:7,0,0,4
BRDA:7,0,1,4
BRDA:59,1,0,0
BRDA:61,2,0,6
BRDA:62,3,0,0
BRDA:89,4,0,11
BRDA:90,5,0,0
BRF:7
BRH:4
end_of_record
TN:
SF:packages/core/src/lib/middleware-queue.ts
FN:11,(anonymous_7)
FN:15,(anonymous_8)
FN:24,(anonymous_9)
FN:28,(anonymous_10)
FNF:4
FNH:4
FNDA:74,(anonymous_7)
FNDA:104,(anonymous_8)
FNDA:104,(anonymous_9)
FNDA:33,(anonymous_10)
DA:1,4
DA:2,4
DA:4,4
DA:6,4
DA:7,74
DA:8,74
DA:9,74
DA:12,74
DA:16,104
DA:23,104
DA:24,104
DA:25,104
DA:29,33
DA:33,33
LF:14
LH:14
BRDA:12,0,0,74
BRDA:23,1,0,104
BRDA:23,1,1,104
BRF:3
BRH:3
end_of_record
TN:
SF:packages/core/src/lib/pluggable.ts
FN:19,(anonymous_7)
FN:22,(anonymous_8)
FN:32,(anonymous_9)
FN:41,(anonymous_10)
FN:50,(anonymous_12)
FN:52,(anonymous_13)
FN:72,(anonymous_14)
FN:73,(anonymous_15)
FN:89,(anonymous_16)
FN:99,(anonymous_17)
FN:100,(anonymous_18)
FN:106,(anonymous_19)
FN:117,(anonymous_20)
FNF:13
FNH:13
FNDA:8,(anonymous_7)
FNDA:31,(anonymous_8)
FNDA:13,(anonymous_9)
FNDA:18,(anonymous_10)
FNDA:17,(anonymous_12)
FNDA:18,(anonymous_13)
FNDA:5,(anonymous_14)
FNDA:9,(anonymous_15)
FNDA:42,(anonymous_16)
FNDA:8,(anonymous_17)
FNDA:40,(anonymous_18)
FNDA:80,(anonymous_19)
FNDA:16,(anonymous_20)
DA:1,2
DA:2,2
DA:4,2
DA:6,2
DA:11,8
DA:19,8
DA:20,8
DA:21,8
DA:22,8
DA:23,31
DA:34,13
DA:35,5
DA:37,8
DA:42,18
DA:43,18
DA:46,18
DA:50,18
DA:52,17
DA:53,18
DA:54,18
DA:55,18
DA:56,12
DA:57,12
DA:59,18
DA:63,17
DA:67,18
DA:68,30
DA:73,5
DA:75,9
DA:76,9
DA:77,9
DA:78,0
DA:80,9
DA:85,9
DA:86,9
DA:89,9
DA:90,42
DA:91,42
DA:92,34
DA:93,34
DA:94,34
DA:100,8
DA:102,40
DA:103,40
DA:106,40
DA:108,80
DA:109,80
DA:110,64
DA:111,64
DA:114,40
DA:117,8
DA:119,16
DA:120,16
DA:121,16
DA:122,16
DA:123,0
DA:125,16
DA:127,16
DA:131,16
DA:132,16
LF:60
LH:58
BRDA:19,0,0,0
BRDA:34,1,0,5
BRDA:34,1,1,8
BRDA:35,2,0,4
BRDA:35,2,1,1
BRDA:37,3,0,8
BRDA:37,3,1,0
BRDA:42,4,0,7
BRDA:42,4,1,11
BRDA:43,5,0,18
BRDA:43,5,1,5
BRDA:52,6,0,5
BRDA:52,6,1,12
BRDA:52,7,0,17
BRDA:52,7,1,17
BRDA:55,8,0,12
BRDA:63,9,0,12
BRDA:76,10,0,9
BRDA:77,11,0,0
BRDA:77,11,1,9
BRDA:85,12,0,0
BRDA:85,12,1,9
BRDA:85,13,0,9
BRDA:85,13,1,9
BRDA:91,14,0,8
BRDA:109,15,0,16
BRDA:120,16,0,16
BRDA:120,16,1,8
BRDA:121,17,0,16
BRDA:122,18,0,0
BRDA:122,18,1,16
BRDA:131,19,0,0
BRDA:131,19,1,16
BRDA:131,20,0,16
BRDA:131,20,1,16
BRF:35
BRH:29
end_of_record
TN:
SF:packages/core/src/lib/interceptors/call-next-while-ignore.ts
FN:24,(anonymous_7)
FN:24,(anonymous_8)
FN:24,(anonymous_9)
FN:26,(anonymous_10)
FNF:4
FNH:4
FNDA:104,(anonymous_7)
FNDA:58,(anonymous_8)
FNDA:58,(anonymous_9)
FNDA:2,(anonymous_10)
DA:24,104
DA:25,58
DA:26,58
DA:27,2
DA:28,2
DA:31,58
DA:32,58
LF:7
LH:7
BRDA:31,0,0,56
BRF:1
BRH:1
end_of_record
TN:
SF:packages/package-template/src/lib/hello-world.ts
FN:1,HelloWorld
FNF:1
FNH:1
FNDA:1,HelloWorld
DA:1,1
DA:2,1
LF:2
LH:2
BRF:0
BRH:0
end_of_record
TN:
SF:packages/sw/src/lib/glacier-sw.ts
FN:20,(anonymous_7)
FN:22,(anonymous_8)
FN:33,(anonymous_9)
FN:34,(anonymous_10)
FN:35,(anonymous_11)
FN:35,(anonymous_12)
FN:42,(anonymous_13)
FN:43,(anonymous_14)
FN:43,(anonymous_15)
FN:50,(anonymous_16)
FN:51,(anonymous_17)
FN:51,(anonymous_18)
FN:80,(anonymous_19)
FN:82,(anonymous_20)
FN:82,(anonymous_21)
FN:109,(anonymous_22)
FN:124,(anonymous_24)
FN:127,(anonymous_26)
FN:128,(anonymous_27)
FNF:19
FNH:19
FNDA:5,(anonymous_7)
FNDA:25,(anonymous_8)
FNDA:5,(anonymous_9)
FNDA:3,(anonymous_10)
FNDA:3,(anonymous_11)
FNDA:3,(anonymous_12)
FNDA:3,(anonymous_13)
FNDA:3,(anonymous_14)
FNDA:3,(anonymous_15)
FNDA:4,(anonymous_16)
FNDA:4,(anonymous_17)
FNDA:4,(anonymous_18)
FNDA:3,(anonymous_19)
FNDA:3,(anonymous_20)
FNDA:3,(anonymous_21)
FNDA:1,(anonymous_22)
FNDA:7,(anonymous_24)
FNDA:8,(anonymous_26)
FNDA:6,(anonymous_27)
DA:1,1
DA:2,1
DA:3,1
DA:17,1
DA:19,1
DA:21,5
DA:22,25
DA:34,5
DA:35,3
DA:36,3
DA:37,3
DA:38,3
DA:42,5
DA:43,3
DA:44,3
DA:45,3
DA:46,3
DA:50,5
DA:51,4
DA:52,4
DA:61,4
DA:62,4
DA:63,4
DA:64,3
DA:65,3
DA:67,1
DA:69,4
DA:71,4
DA:72,4
DA:75,4
DA:76,0
DA:80,5
DA:82,3
DA:83,3
DA:84,3
DA:86,3
DA:88,0
DA:89,0
DA:90,0
DA:91,0
DA:94,3
DA:97,3
DA:98,3
DA:99,3
DA:100,3
DA:103,0
DA:111,1
DA:112,1
DA:115,1
DA:125,7
DA:126,7
DA:127,8
DA:128,6
DA:130,7
LF:54
LH:48
BRDA:61,0,0,0
BRDA:61,0,1,4
BRDA:61,1,0,4
BRDA:61,1,1,4
BRDA:61,2,0,0
BRDA:61,2,1,4
BRDA:61,3,0,4
BRDA:61,3,1,4
BRDA:63,4,0,3
BRDA:63,4,1,1
BRDA:65,5,0,3
BRDA:65,5,1,0
BRDA:72,6,0,0
BRDA:72,6,1,4
BRDA:72,7,0,4
BRDA:72,7,1,4
BRDA:72,8,0,0
BRDA:72,8,1,4
BRDA:72,9,0,4
BRDA:72,9,1,4
BRDA:75,10,0,4
BRDA:86,11,0,0
BRDA:86,11,1,3
BRDA:86,12,0,3
BRDA:86,12,1,0
BRDA:86,13,0,3
BRDA:86,13,1,0
BRDA:86,14,0,0
BRDA:86,14,1,3
BRDA:86,15,0,3
BRDA:86,15,1,3
BRDA:91,16,0,0
BRDA:91,16,1,0
BRDA:91,17,0,0
BRDA:91,17,1,0
BRDA:91,18,0,0
BRDA:91,18,1,0
BRDA:91,19,0,0
BRDA:91,19,1,0
BRDA:91,20,0,0
BRDA:91,20,1,0
BRDA:91,21,0,0
BRDA:91,21,1,0
BRF:43
BRH:22
end_of_record
TN:
SF:packages/sw/src/lib/logger.ts
FNF:0
FNH:0
DA:1,1
DA:3,1
LF:2
LH:2
BRF:0
BRH:0
end_of_record
TN:
SF:packages/sw/src/type/index.ts
FNF:0
FNH:0
DA:1,1
DA:2,1
LF:2
LH:2
BRF:0
BRH:0
end_of_record
TN:
SF:packages/sw/src/type/lifecycle.ts
FN:1,(anonymous_0)
FNF:1
FNH:1
FNDA:1,(anonymous_0)
DA:1,1
DA:2,1
DA:3,1
DA:4,1
DA:5,1
DA:6,1
LF:6
LH:6
BRDA:1,0,0,1
BRDA:1,0,1,1
BRF:2
BRH:2
end_of_record
TN:
SF:packages/sw/src/type/sw-plugin.ts
FNF:0
FNH:0
DA:1,1
LF:1
LH:1
BRF:0
BRH:0
end_of_record
TN:
SF:packages/window/src/index.ts
FNF:0
FNH:0
DA:1,1
DA:2,1
LF:2
LH:2
BRF:0
BRH:0
end_of_record
TN:
SF:packages/window/src/lib/glacier-window.ts
FN:9,(anonymous_7)
FN:11,(anonymous_8)
FN:27,(anonymous_9)
FN:38,(anonymous_11)
FN:51,(anonymous_13)
FNF:5
FNH:5
FNDA:3,(anonymous_7)
FNDA:6,(anonymous_8)
FNDA:3,(anonymous_9)
FNDA:2,(anonymous_11)
FNDA:4,(anonymous_13)
DA:1,1
DA:2,1
DA:3,1
DA:4,1
DA:6,1
DA:10,3
DA:11,6
DA:18,3
DA:19,0
DA:20,0
DA:21,0
DA:24,3
DA:28,3
DA:29,3
DA:30,3
DA:31,3
DA:33,1
DA:34,1
DA:39,2
DA:40,2
DA:41,2
DA:42,1
DA:43,1
DA:44,1
DA:46,1
DA:47,1
DA:52,4
LF:27
LH:24
BRDA:9,0,0,3
BRDA:18,1,0,0
BRDA:27,2,0,3
BRDA:27,3,0,3
BRF:4
BRH:3
end_of_record
TN:
SF:packages/window/src/lib/logger.ts
FNF:0
FNH:0
DA:1,1
DA:3,1
LF:2
LH:2
BRF:0
BRH:0
end_of_record
TN:
SF:packages/window/src/type/index.ts
FNF:0
FNH:0
DA:1,1
DA:2,1
LF:2
LH:2
BRF:0
BRH:0
end_of_record
TN:
SF:packages/window/src/type/lifecycle.ts
FN:1,(anonymous_0)
FNF:1
FNH:1
FNDA:1,(anonymous_0)
DA:1,1
DA:2,1
DA:3,1
LF:3
LH:3
BRDA:1,0,0,1
BRDA:1,0,1,1
BRF:2
BRH:2
end_of_record
TN:
SF:packages/window/src/type/window-plugin.ts
FNF:0
FNH:0
DA:3,1
LF:1
LH:1
BRF:0
BRH:0
end_of_record
